Log file open, 08/03/18 15:08:56
LogWindows: Failed to load 'aqProf.dll' (GetLastError=126)
LogWindows: File 'aqProf.dll' does not exist
LogWindows: Failed to load 'VSPerf140.dll' (GetLastError=126)
LogWindows: File 'VSPerf140.dll' does not exist
LogWindows: Failed to load 'VtuneApi.dll' (GetLastError=126)
LogWindows: File 'VtuneApi.dll' does not exist
LogWindows: Failed to load 'VtuneApi32e.dll' (GetLastError=126)
LogWindows: File 'VtuneApi32e.dll' does not exist
LogInit: Display: Running engine for game: client
LogPlatformFile: Not using cached read wrapper
LogTaskGraph: Started task graph with 5 named threads and 23 total threads with 3 sets of task threads.
LogStats: Stats thread started at 0.279710
LogD3D11RHI: Loaded GFSDK_Aftermath_Lib.x64.dll
LogICUInternationalization: Display: ICU TimeZone Detection - Raw Offset: +1:00, Platform Override: ''
LogPluginManager: Mounting plugin Paper2D
LogPluginManager: Mounting plugin AISupport
LogPluginManager: Mounting plugin LightPropagationVolume
LogPluginManager: Mounting plugin CLionSourceCodeAccess
LogPluginManager: Mounting plugin CodeLiteSourceCodeAccess
LogPluginManager: Mounting plugin GitSourceControl
LogPluginManager: Mounting plugin KDevelopSourceCodeAccess
LogPluginManager: Mounting plugin NullSourceCodeAccess
LogPluginManager: Mounting plugin PerforceSourceControl
LogPluginManager: Mounting plugin SubversionSourceControl
LogPluginManager: Mounting plugin UObjectPlugin
LogPluginManager: Mounting plugin VisualStudioCodeSourceCodeAccess
LogPluginManager: Mounting plugin VisualStudioSourceCodeAccess
LogPluginManager: Mounting plugin XCodeSourceCodeAccess
LogPluginManager: Mounting plugin AssetManagerEditor
LogPluginManager: Mounting plugin CryptoKeys
LogPluginManager: Mounting plugin DataValidation
LogPluginManager: Mounting plugin FacialAnimation
LogPluginManager: Mounting plugin GameplayTagsEditor
LogPluginManager: Mounting plugin MacGraphicsSwitching
LogPluginManager: Mounting plugin MeshEditor
LogPluginManager: Mounting plugin MobileLauncherProfileWizard
LogPluginManager: Mounting plugin PluginBrowser
LogPluginManager: Mounting plugin SpeedTreeImporter
LogPluginManager: Mounting plugin DatasmithContent
LogPluginManager: Mounting plugin AlembicImporter
LogPluginManager: Mounting plugin AppleImageUtils
LogPluginManager: Mounting plugin AppleVision
LogPluginManager: Mounting plugin BackChannel
LogPluginManager: Mounting plugin CharacterAI
LogPluginManager: Mounting plugin GeometryCache
LogPluginManager: Mounting plugin HTML5Networking
LogPluginManager: Mounting plugin ProxyLODPlugin
LogPluginManager: Mounting plugin MagicLeap
LogPluginManager: Mounting plugin MagicLeapEmulator
LogPluginManager: Mounting plugin MagicLeapMedia
LogPluginManager: Mounting plugin AndroidMedia
LogPluginManager: Mounting plugin AvfMedia
LogPluginManager: Mounting plugin ImgMedia
LogPluginManager: Mounting plugin LinearTimecode
LogPluginManager: Mounting plugin MediaCompositing
LogPluginManager: Mounting plugin MediaPlayerEditor
LogPluginManager: Mounting plugin WmfMedia
LogPluginManager: Mounting plugin TcpMessaging
LogPluginManager: Mounting plugin UdpMessaging
LogPluginManager: Mounting plugin ActorSequence
LogPluginManager: Mounting plugin LevelSequenceEditor
LogPluginManager: Mounting plugin MatineeToLevelSequence
LogPluginManager: Mounting plugin NetcodeUnitTest
LogPluginManager: Mounting plugin NUTUnrealEngine4
LogPluginManager: Mounting plugin OnlineSubsystemGooglePlay
LogPluginManager: Mounting plugin OnlineSubsystemIOS
LogPluginManager: Mounting plugin OnlineSubsystem
LogPluginManager: Mounting plugin OnlineSubsystemNull
LogPluginManager: Mounting plugin OnlineSubsystemUtils
LogPluginManager: Mounting plugin LauncherChunkInstaller
LogPluginManager: Mounting plugin AndroidDeviceProfileSelector
LogPluginManager: Mounting plugin AndroidMoviePlayer
LogPluginManager: Mounting plugin AndroidPermission
LogPluginManager: Mounting plugin AppleMoviePlayer
LogPluginManager: Mounting plugin ArchVisCharacter
LogPluginManager: Mounting plugin AudioCapture
LogPluginManager: Mounting plugin CableComponent
LogPluginManager: Mounting plugin CustomMeshComponent
LogPluginManager: Mounting plugin EditableMesh
LogPluginManager: Mounting plugin ExampleDeviceProfileSelector
LogPluginManager: Mounting plugin GoogleCloudMessaging
LogPluginManager: Mounting plugin ImmediatePhysics
LogPluginManager: Mounting plugin IOSDeviceProfileSelector
LogPluginManager: Mounting plugin LinuxDeviceProfileSelector
LogPluginManager: Mounting plugin LocationServicesBPLibrary
LogPluginManager: Mounting plugin MobilePatchingUtils
LogPluginManager: Mounting plugin OculusVR
LogPluginManager: Plugin shader directory ../../../Engine/Plugins/Runtime/Oculus/OculusVR/Shaders found
LogPluginManager: Mapping shader source directory ../../../Engine/Plugins/Runtime/Oculus/OculusVR/Shaders to virtual directory /Plugin/OculusVR
LogPluginManager: Mounting plugin PhysXVehicles
LogPluginManager: Mounting plugin ProceduralMeshComponent
LogPluginManager: Mounting plugin RuntimePhysXCooking
LogPluginManager: Mounting plugin SteamVR
LogPluginManager: Mounting plugin WindowsMoviePlayer
LogStreaming: Display: Took  0.136s to configure plugins.
LogInit: Using libcurl 7.55.1-DEV
LogInit:  - built for x86_64-pc-win32
LogInit:  - supports SSL with OpenSSL/1.0.2h
LogInit:  - supports HTTP deflate (compression) using libz 1.2.8
LogInit:  - other features:
LogInit:      CURL_VERSION_SSL
LogInit:      CURL_VERSION_LIBZ
LogInit:      CURL_VERSION_IPV6
LogInit:      CURL_VERSION_ASYNCHDNS
LogInit:      CURL_VERSION_LARGEFILE
LogInit:      CURL_VERSION_IDN
LogInit:  CurlRequestOptions (configurable via config and command line):
LogInit:  - bVerifyPeer = false  - Libcurl will NOT verify peer certificate
LogInit:  - bUseHttpProxy = false  - Libcurl will NOT use HTTP proxy
LogInit:  - bDontReuseConnections = false  - Libcurl will reuse connections
LogInit:  - CertBundlePath = nullptr  - Libcurl will use whatever was configured at build time.
LogInit:  - MaxHostConnections = 16  - Libcurl will limit the number of connections to a host
LogInit:  - LocalHostAddr = Default
LogInit:  - BufferSize = 65536
LogInit: WinSock: version 1.1 (2.2), MaxSocks=32767, MaxUdp=65467
LogInit: Build: ++UE4+Release-4.20-CL-4233996
LogInit: Engine Version: 4.20.1-4233996+++UE4+Release-4.20
LogInit: Compatible Engine Version: 4.20.0-4212847+++UE4+Release-4.20
LogInit: Net CL: 4212847
LogInit: OS: Windows 10 (), CPU: Intel(R) Core(TM) i7-6700HQ CPU @ 2.60GHz, GPU: Intel(R) HD Graphics 530
LogInit: Compiled (64-bit): Jul 26 2018 10:07:30
LogInit: Compiled with Visual C++: 19.13.26129.00
LogInit: Build Configuration: Development
LogInit: Branch Name: ++UE4+Release-4.20
LogInit: Command Line: 
LogInit: Base Directory: D:/Apps/Epic Games/UE_4.20/Engine/Binaries/Win64/
LogInit: Installed Engine Build: 1
LogDevObjectVersion: Number of dev versions registered: 20
LogDevObjectVersion:   Dev-Blueprints (B0D832E4-1F89-4F0D-ACCF-7EB736FD4AA2): 10
LogDevObjectVersion:   Dev-Build (E1C64328-A22C-4D53-A36C-8E866417BD8C): 0
LogDevObjectVersion:   Dev-Core (375EC13C-06E4-48FB-B500-84F0262A717E): 2
LogDevObjectVersion:   Dev-Editor (E4B068ED-F494-42E9-A231-DA0B2E46BB41): 24
LogDevObjectVersion:   Dev-Framework (CFFC743F-43B0-4480-9391-14DF171D2073): 34
LogDevObjectVersion:   Dev-Mobile (B02B49B5-BB20-44E9-A304-32B752E40360): 2
LogDevObjectVersion:   Dev-Networking (A4E4105C-59A1-49B5-A7C5-40C4547EDFEE): 0
LogDevObjectVersion:   Dev-Online (39C831C9-5AE6-47DC-9A44-9C173E1C8E7C): 0
LogDevObjectVersion:   Dev-Physics (78F01B33-EBEA-4F98-B9B4-84EACCB95AA2): 0
LogDevObjectVersion:   Dev-Platform (6631380F-2D4D-43E0-8009-CF276956A95A): 0
LogDevObjectVersion:   Dev-Rendering (12F88B9F-8875-4AFC-A67C-D90C383ABD29): 26
LogDevObjectVersion:   Dev-Sequencer (7B5AE74C-D270-4C10-A958-57980B212A5A): 9
LogDevObjectVersion:   Dev-VR (D7296918-1DD6-4BDD-9DE2-64A83CC13884): 2
LogDevObjectVersion:   Dev-LoadTimes (C2A15278-BFE7-4AFE-6C17-90FF531DF755): 1
LogDevObjectVersion:   Private-Geometry (6EACA3D4-40EC-4CC1-B786-8BED09428FC5): 3
LogDevObjectVersion:   Dev-AnimPhys (29E575DD-E0A3-4627-9D10-D276232CDCEA): 17
LogDevObjectVersion:   Dev-ReflectionCapture (6B266CEC-1EC7-4B8F-A30B-E4D90942FC07): 1
LogDevObjectVersion:   Dev-Automation (0DF73D61-A23F-47EA-B727-89E90C41499A): 1
LogDevObjectVersion:   FortniteMain (601D1886-AC64-4F84-AA16-D3DE0DEAC7D6): 12
LogDevObjectVersion:   Dev-Enterprise (9DFFBCD6-494F-0158-E221-12823C92A888): 1
LogStreaming: Display: Took  0.000s to delete old logs.
LogInit: Presizing for max 8388607 objects, including 0 objects not considered by GC, pre-allocating 0 bytes for permanent pool.
LogInit: Object subsystem initialized
[2018.08.03-13.08.56:602][  0]LogInit: Selected Device Profile: [Windows]
[2018.08.03-13.08.56:602][  0]LogInit: Applying CVar settings loaded from the selected device profile: [Windows]
[2018.08.03-13.08.56:622][  0]LogHAL: Display: Platform has ~ 8 GB [8465137664 / 8589934592 / 8], which maps to Default [LargestMinGB=32, LargerMinGB=12, DefaultMinGB=8, SmallerMinGB=6, SmallestMinGB=0)
[2018.08.03-13.08.56:622][  0]LogInit: Setting Device Profile CVar: [[r.Vulkan.UseRealUBs:1]]
[2018.08.03-13.08.56:622][  0]LogInit: Going up to parent DeviceProfile []
[2018.08.03-13.08.56:623][  0]LogInit: Computer: DESKTOP-C257HNA
[2018.08.03-13.08.56:623][  0]LogInit: User: arthy
[2018.08.03-13.08.56:623][  0]LogInit: CPU Page size=4096, Cores=4
[2018.08.03-13.08.56:623][  0]LogInit: High frequency timer resolution =2.531247 MHz
[2018.08.03-13.08.56:623][  0]LogMemory: Memory total: Physical=7.9GB (8GB approx)
[2018.08.03-13.08.56:623][  0]LogMemory: Platform Memory Stats for Windows
[2018.08.03-13.08.56:623][  0]LogMemory: Process Physical Memory: 98.97 MB used, 98.97 MB peak
[2018.08.03-13.08.56:623][  0]LogMemory: Process Virtual Memory: 82.81 MB used, 82.81 MB peak
[2018.08.03-13.08.56:623][  0]LogMemory: Physical Memory: 5194.39 MB used,  2878.59 MB free, 8072.98 MB total
[2018.08.03-13.08.56:623][  0]LogMemory: Virtual Memory: 4631.03 MB used,  2878.59 MB free, 134217728.00 MB total
[2018.08.03-13.08.56:641][  0]LogInit: Using OS detected language (en-US).
[2018.08.03-13.08.56:641][  0]LogInit: Using OS detected locale (en-US).
[2018.08.03-13.08.56:642][  0]LogTextLocalizationManager: No specific localization for 'en-US' exists, so the 'en' localization will be used.
[2018.08.03-13.08.57:035][  0]LogStreaming: Display: Took  0.393s to InitEngineTextLocalization.
[2018.08.03-13.08.57:035][  0]LogInit: Setting process to per monitor DPI aware
[2018.08.03-13.08.57:060][  0]LogSlate: New Slate User Created.  User Index 0, Is Virtual User: 0
[2018.08.03-13.08.57:060][  0]LogSlate: Slate User Registered.  User Index 0, Is Virtual User: 0
[2018.08.03-13.08.57:379][  0]LogHMD: Failed to initialize OpenVR with code 110
[2018.08.03-13.08.57:379][  0]LogD3D11RHI: D3D11 adapters:
[2018.08.03-13.08.57:445][  0]LogD3D11RHI:    0. 'NVIDIA GeForce GTX 970M' (Feature Level 11_0)
[2018.08.03-13.08.57:445][  0]LogD3D11RHI:       3032/0/4036 MB DedicatedVideo/DedicatedSystem/SharedSystem, Outputs:1, VendorId:0x10de
[2018.08.03-13.08.57:452][  0]LogD3D11RHI:    1. 'Intel(R) HD Graphics 530' (Feature Level 11_0)
[2018.08.03-13.08.57:452][  0]LogD3D11RHI:       128/0/4036 MB DedicatedVideo/DedicatedSystem/SharedSystem, Outputs:0, VendorId:0x8086
[2018.08.03-13.08.57:454][  0]LogD3D11RHI:    2. 'Microsoft Basic Render Driver' (Feature Level 11_0)
[2018.08.03-13.08.57:454][  0]LogD3D11RHI:       0/0/4036 MB DedicatedVideo/DedicatedSystem/SharedSystem, Outputs:0, VendorId:0x1414
[2018.08.03-13.08.57:454][  0]LogD3D11RHI: Chosen D3D11 Adapter: 0
[2018.08.03-13.08.57:473][  0]LogD3D11RHI: Creating new Direct3DDevice
[2018.08.03-13.08.57:473][  0]LogD3D11RHI:     GPU DeviceId: 0x13d8 (for the marketing name, search the web for "GPU Device Id")
[2018.08.03-13.08.57:473][  0]LogWindows: EnumDisplayDevices:
[2018.08.03-13.08.57:473][  0]LogWindows:    0. 'Intel(R) HD Graphics 530' (P:1 D:1)
[2018.08.03-13.08.57:474][  0]LogWindows:    1. 'Intel(R) HD Graphics 530' (P:0 D:0)
[2018.08.03-13.08.57:474][  0]LogWindows:    2. 'Intel(R) HD Graphics 530' (P:0 D:0)
[2018.08.03-13.08.57:474][  0]LogWindows: DebugString: PrimaryIsNotTheChoosenAdapter PrimaryIsNotTheChoosenAdapter PrimaryIsNotTheChoosenAdapter FoundDriverCount:0 
[2018.08.03-13.08.57:474][  0]LogD3D11RHI:     Adapter Name: NVIDIA GeForce GTX 970M
[2018.08.03-13.08.57:474][  0]LogD3D11RHI:   Driver Version: Unknown (internal:Unknown, unified:Unknown)
[2018.08.03-13.08.57:474][  0]LogD3D11RHI:      Driver Date: Unknown
[2018.08.03-13.08.57:474][  0]LogRHI: Texture pool is 2122 MB (70% of 3032 MB)
[2018.08.03-13.08.57:513][  0]LogD3D11RHI: Async texture creation enabled
[2018.08.03-13.08.57:529][  0]LogD3D11RHI: GPU Timing Frequency: 1000.000000 (Debug: 2 2)
[2018.08.03-13.08.57:530][  0]LogShaderCompilers: Guid format shader working directory is -16 characters bigger than the processId version (../../../../../../school/Shared Folder/HockeyPrizeFight/client/Intermediate/Shaders/WorkingDirectory/4044/).
[2018.08.03-13.08.57:530][  0]LogShaderCompilers: Cleaned the shader compiler working directory 'C:/Users/arthy/AppData/Local/Temp/UnrealShaderWorkingDir/4A5741C1469FBDA501640FA50AF74EEF/'.
[2018.08.03-13.08.57:815][  0]LogTemp: Display: Loaded TP AllDesktopTargetPlatform
[2018.08.03-13.08.57:827][  0]LogTemp: Display: Loaded TP MacClientTargetPlatform
[2018.08.03-13.08.57:841][  0]LogTemp: Display: Loaded TP MacNoEditorTargetPlatform
[2018.08.03-13.08.57:854][  0]LogTemp: Display: Loaded TP MacServerTargetPlatform
[2018.08.03-13.08.57:866][  0]LogTemp: Display: Loaded TP MacTargetPlatform
[2018.08.03-13.08.57:879][  0]LogTemp: Display: Loaded TP WindowsClientTargetPlatform
[2018.08.03-13.08.57:891][  0]LogTemp: Display: Loaded TP WindowsNoEditorTargetPlatform
[2018.08.03-13.08.57:905][  0]LogTemp: Display: Loaded TP WindowsServerTargetPlatform
[2018.08.03-13.08.57:910][  0]LogTemp: Display: Loaded TP WindowsTargetPlatform
[2018.08.03-13.08.57:985][  0]LogTemp: Display: Loaded TP AndroidTargetPlatform
[2018.08.03-13.08.57:985][  0]LogTemp: Display: Loaded TP AndroidTargetPlatform
[2018.08.03-13.08.57:985][  0]LogTemp: Display: Loaded TP AndroidTargetPlatform
[2018.08.03-13.08.57:985][  0]LogTemp: Display: Loaded TP AndroidTargetPlatform
[2018.08.03-13.08.57:985][  0]LogTemp: Display: Loaded TP AndroidTargetPlatform
[2018.08.03-13.08.57:985][  0]LogTemp: Display: Loaded TP AndroidTargetPlatform
[2018.08.03-13.08.57:985][  0]LogTemp: Display: Loaded TP AndroidTargetPlatform
[2018.08.03-13.08.57:985][  0]LogTemp: Display: Loaded TP AndroidTargetPlatform
[2018.08.03-13.08.57:985][  0]LogTemp: Display: Loaded TP AndroidTargetPlatform
[2018.08.03-13.08.57:985][  0]LogTemp: Display: Loaded TP AndroidTargetPlatform
[2018.08.03-13.08.57:985][  0]LogTemp: Display: Loaded TP AndroidTargetPlatform
[2018.08.03-13.08.57:985][  0]LogTemp: Display: Loaded TP AndroidTargetPlatform
[2018.08.03-13.08.57:985][  0]LogTemp: Display: Loaded TP AndroidTargetPlatform
[2018.08.03-13.08.57:985][  0]LogTemp: Display: Loaded TP AndroidTargetPlatform
[2018.08.03-13.08.57:985][  0]LogTemp: Display: Loaded TP AndroidTargetPlatform
[2018.08.03-13.08.57:985][  0]LogTemp: Display: Loaded TP AndroidTargetPlatform
[2018.08.03-13.08.57:985][  0]LogTemp: Display: Loaded TP AndroidTargetPlatform
[2018.08.03-13.08.57:985][  0]LogTemp: Display: Loaded TP AndroidTargetPlatform
[2018.08.03-13.08.57:986][  0]LogTemp: Display: Loaded TP HTML5TargetPlatform
[2018.08.03-13.08.58:046][  0]LogTemp: Display: Loaded TP IOSTargetPlatform
[2018.08.03-13.08.58:046][  0]LogTemp: Display: Loaded TP IOSTargetPlatform
[2018.08.03-13.08.58:070][  0]LogTemp: Display: Loaded TP TVOSTargetPlatform
[2018.08.03-13.08.58:070][  0]LogTemp: Display: Loaded TP TVOSTargetPlatform
[2018.08.03-13.08.58:082][  0]LogTemp: Display: Loaded TP LinuxClientTargetPlatform
[2018.08.03-13.08.58:094][  0]LogTemp: Display: Loaded TP LinuxNoEditorTargetPlatform
[2018.08.03-13.08.58:107][  0]LogTemp: Display: Loaded TP LinuxServerTargetPlatform
[2018.08.03-13.08.58:119][  0]LogTemp: Display: Loaded TP LinuxTargetPlatform
[2018.08.03-13.08.58:128][  0]LogTemp: Display: Loaded TP LuminTargetPlatform
[2018.08.03-13.08.58:128][  0]LogTargetPlatformManager: Display: Building Assets For Windows
[2018.08.03-13.08.58:174][  0]LogXGEController: Cannot use XGE Controller as Incredibuild is not installed on this machine.
[2018.08.03-13.08.58:174][  0]LogShaderCompilers: Cannot use XGE Shader Compiler as Incredibuild is not installed on this machine.
[2018.08.03-13.08.58:174][  0]LogShaderCompilers: Display: Using Local Shader Compiler.
[2018.08.03-13.08.58:909][  0]LogDerivedDataCache: Display: Max Cache Size: 512 MB
[2018.08.03-13.08.58:973][  0]LogDerivedDataCache: Loaded boot cache 0.06s 71MB C:/Users/arthy/AppData/Local/UnrealEngine/4.20/DerivedDataCache/Boot.ddc.
[2018.08.03-13.08.58:973][  0]LogDerivedDataCache: Display: Loaded Boot cache: C:/Users/arthy/AppData/Local/UnrealEngine/4.20/DerivedDataCache/Boot.ddc
[2018.08.03-13.08.58:973][  0]LogDerivedDataCache: FDerivedDataBackendGraph:  Pak pak cache file ../../../../../../school/Shared Folder/HockeyPrizeFight/client/DerivedDataCache/DDC.ddp not found, will not use a pak cache.
[2018.08.03-13.08.58:973][  0]LogDerivedDataCache: Unable to find inner node Pak for hierarchical cache Hierarchy.
[2018.08.03-13.08.58:973][  0]LogDerivedDataCache: FDerivedDataBackendGraph:  CompressedPak pak cache file ../../../../../../school/Shared Folder/HockeyPrizeFight/client/DerivedDataCache/Compressed.ddp not found, will not use a pak cache.
[2018.08.03-13.08.58:973][  0]LogDerivedDataCache: Unable to find inner node CompressedPak for hierarchical cache Hierarchy.
[2018.08.03-13.08.58:988][  0]LogDerivedDataCache: Display: Pak cache opened for reading ../../../Engine/DerivedDataCache/Compressed.ddp.
[2018.08.03-13.08.59:000][  0]LogDerivedDataCache: Using Local data cache path C:/Users/arthy/AppData/Local/UnrealEngine/Common/DerivedDataCache: Writable
[2018.08.03-13.08.59:000][  0]LogDerivedDataCache: Shared data cache path not found in *engine.ini, will not use an Shared cache.
[2018.08.03-13.08.59:000][  0]LogDerivedDataCache: Unable to find inner node Shared for hierarchical cache Hierarchy.
[2018.08.03-13.08.59:019][  0]LogMaterial: Verifying Global Shaders for PCD3D_SM5
[2018.08.03-13.08.59:021][  0]LogSlate: Using FreeType 2.6.0
[2018.08.03-13.08.59:022][  0]LogSlate: SlateFontServices - WITH_FREETYPE: 1, WITH_HARFBUZZ: 1
[2018.08.03-13.08.59:106][  0]LogAssetRegistry: FAssetRegistry took 0.0263 seconds to start up
[2018.08.03-13.08.59:454][  0]LogInit: Selected Device Profile: [Windows]
[2018.08.03-13.08.59:590][  0]LogSimplygon: Simplygon DLL not present - disabling.
[2018.08.03-13.08.59:592][  0]LogMeshReduction: Using SimplygonSwarm for distributed automatic mesh merging
[2018.08.03-13.08.59:592][  0]LogMeshReduction: Using ProxyLODMeshReduction for automatic mesh merging
[2018.08.03-13.08.59:592][  0]LogMeshReduction: Using QuadricMeshReduction for automatic static mesh reduction
[2018.08.03-13.08.59:592][  0]LogMeshReduction: No automatic skeletal mesh reduction module available
[2018.08.03-13.08.59:614][  0]LogNetVersion: client 1.0.0, NetCL: 4212847, EngineNetVer: 5, GameNetVer: 0 (Checksum: 1922516377)
[2018.08.03-13.09.00:180][  0]LogPackageLocalizationCache: Processed 11 localized package path(s) for 2 prioritized culture(s) in 0.124991 seconds
[2018.08.03-13.09.00:187][  0]LogUObjectArray: 38425 objects as part of root set at end of initial load.
[2018.08.03-13.09.00:187][  0]LogUObjectAllocator: 6690864 out of 0 bytes used by permanent object pool.
[2018.08.03-13.09.00:187][  0]LogUObjectArray: CloseDisregardForGC: 0/0 objects in disregard for GC pool
[2018.08.03-13.09.01:202][  0]LogTcpMessaging: Initializing TcpMessaging bridge
[2018.08.03-13.09.01:215][  0]LogUdpMessaging: Initializing bridge on interface 0.0.0.0:0 to multicast group 230.0.0.1:6666.
[2018.08.03-13.09.01:459][  0]SourceControl: Source control is disabled
[2018.08.03-13.09.01:459][  0]SourceControl: Source control is disabled
[2018.08.03-13.09.01:460][  0]SourceControl: Source control is disabled
[2018.08.03-13.09.01:460][  0]SourceControl: Source control is disabled
[2018.08.03-13.09.01:629][  0]LogAndroidPermission: UAndroidPermissionCallbackProxy::GetInstance
[2018.08.03-13.09.01:697][  0]LogOcInput: OculusInput pre-init called
[2018.08.03-13.09.01:797][  0]LogEngine: Initializing Engine...
[2018.08.03-13.09.01:798][  0]LogHMD: Failed to initialize OpenVR with code 110
[2018.08.03-13.09.01:801][  0]LogStats: UGameplayTagsManager::ConstructGameplayTagTree: ImportINI prefixes -  0.000 s
[2018.08.03-13.09.01:801][  0]LogStats: UGameplayTagsManager::ConstructGameplayTagTree: Construct from data asset -  0.000 s
[2018.08.03-13.09.01:802][  0]LogStats: UGameplayTagsManager::ConstructGameplayTagTree: ImportINI -  0.000 s
[2018.08.03-13.09.01:802][  0]LogStats: UGameplayTagsManager::ConstructGameplayTagTree: GameplayTagTreeChangedEvent.Broadcast -  0.000 s
[2018.08.03-13.09.02:062][  0]LogInit: Initializing FReadOnlyCVARCache
[2018.08.03-13.09.02:076][  0]LogAIModule: Creating AISystem for world Untitled
[2018.08.03-13.09.02:096][  0]LogInit: XAudio2 using 'Speakers (Realtek High Definition Audio)' : 2 channels at 48 kHz using 32 bits per sample (channel mask 0x3)
[2018.08.03-13.09.02:256][  0]LogInit: FAudioDevice initialized.
[2018.08.03-13.09.02:257][  0]LogNetVersion: Set ProjectVersion to 1.0.0.0. Version Checksum will be recalculated on next use.
[2018.08.03-13.09.02:597][  0]LogDerivedDataCache: Saved boot cache 0.34s 71MB C:/Users/arthy/AppData/Local/UnrealEngine/4.20/DerivedDataCache/Boot.ddc.
[2018.08.03-13.09.02:617][  0]LogInit: Texture streaming: Enabled
[2018.08.03-13.09.02:629][  0]LogEngineSessionManager: EngineSessionManager initialized
[2018.08.03-13.09.02:657][  0]LogInit: Transaction tracking system initialized
[2018.08.03-13.09.02:680][  0]BlueprintLog: New page: Editor Load
[2018.08.03-13.09.02:737][  0]LocalizationService: Localization service is disabled
[2018.08.03-13.09.03:092][  0]LogCook: Display: Max memory allowance for cook 16384mb min free memory 0mb
[2018.08.03-13.09.03:092][  0]LogCook: Display: Mobile HDR setting 1
[2018.08.03-13.09.03:092][  0]LogGameplayTags: Display: UGameplayTagsManager::DoneAddingNativeTags. DelegateIsBound: 0
[2018.08.03-13.09.03:092][  0]LogStats: UGameplayTagsManager::ConstructGameplayTagTree: ImportINI prefixes -  0.000 s
[2018.08.03-13.09.03:092][  0]LogStats: UGameplayTagsManager::ConstructGameplayTagTree: Construct from data asset -  0.000 s
[2018.08.03-13.09.03:092][  0]LogFileCache: Scanning file cache for directory 'D:/school/Shared Folder/HockeyPrizeFight/client/Content/' took 0.01s
[2018.08.03-13.09.03:092][  0]LogStats: UGameplayTagsManager::ConstructGameplayTagTree: ImportINI -  0.000 s
[2018.08.03-13.09.03:092][  0]LogStats: UGameplayTagsManager::ConstructGameplayTagTree: GameplayTagTreeChangedEvent.Broadcast -  0.000 s
[2018.08.03-13.09.03:214][  0]SourceControl: Source control is disabled
[2018.08.03-13.09.03:214][  0]Cmd: MAP LOAD FILE="../../../Engine/Content/Maps/Templates/Template_Default.umap" TEMPLATE=1 SHOWPROGRESS=1 FEATURELEVEL=3
[2018.08.03-13.09.03:214][  0]LightingResults: New page: Lighting Build
[2018.08.03-13.09.03:216][  0]MapCheck: New page: Map Check
[2018.08.03-13.09.03:216][  0]LightingResults: New page: Lighting Build
[2018.08.03-13.09.03:428][  0]LogAIModule: Creating AISystem for world Untitled_1
[2018.08.03-13.09.03:437][  0]LogEditorServer: Finished looking for orphan Actors (0.000 secs)
[2018.08.03-13.09.03:463][  0]Cmd: MAP CHECKDEP NOCLEARLOG
[2018.08.03-13.09.03:521][  0]MapCheck: Map check complete: 0 Error(s), 0 Warning(s), took 57.706ms to complete.
[2018.08.03-13.09.03:521][  0]LogFileHelpers: Loading map 'Template_Default' took 0.307
[2018.08.03-13.09.03:992][  0]LogSlate: Updating window title bar state: overlay mode, drag disabled, window buttons hidden, title bar hidden
[2018.08.03-13.09.04:006][  0]LogSlate: Updating window title bar state: overlay mode, drag disabled, window buttons hidden, title bar hidden
[2018.08.03-13.09.04:012][  0]LogSlate: Updating window title bar state: overlay mode, drag disabled, window buttons hidden, title bar hidden
[2018.08.03-13.09.04:019][  0]LogSlate: Updating window title bar state: overlay mode, drag disabled, window buttons hidden, title bar hidden
[2018.08.03-13.09.04:027][  0]LogCollectionManager: Loaded 0 collections in 0.001225 seconds
[2018.08.03-13.09.04:107][  0]LogFileCache: Scanning file cache for directory 'D:/school/Shared Folder/HockeyPrizeFight/client/Saved/Collections/' took 0.01s
[2018.08.03-13.09.04:107][  0]LogFileCache: Scanning file cache for directory 'D:/school/Shared Folder/HockeyPrizeFight/client/Content/Developers/arthy/Collections/' took 0.01s
[2018.08.03-13.09.04:107][  0]LogFileCache: Scanning file cache for directory 'D:/school/Shared Folder/HockeyPrizeFight/client/Content/Collections/' took 0.01s
[2018.08.03-13.09.04:107][  0]LogCollectionManager: Rebuilt the GUID cache for 0 collections in 0.000000 seconds
[2018.08.03-13.09.04:117][  0]LogContentBrowser: Native class hierarchy populated in 0.0100 seconds. Added 2573 classes and 605 folders.
[2018.08.03-13.09.04:173][  0]LogContentBrowser: Native class hierarchy updated for 'WidgetCarousel' in 0.0004 seconds. Added 0 classes and 0 folders.
[2018.08.03-13.09.05:096][  0]LogContentBrowser: Native class hierarchy updated for 'AddContentDialog' in 0.0005 seconds. Added 0 classes and 0 folders.
[2018.08.03-13.09.05:137][  0]LogContentBrowser: Native class hierarchy updated for 'SceneOutliner' in 0.0004 seconds. Added 1 classes and 2 folders.
[2018.08.03-13.09.05:442][  0]LogSlate: Took 0.000489 seconds to synchronously load lazily loaded font '../../../Engine/Content/Slate/Fonts/Roboto-Regular.ttf' (155K)
[2018.08.03-13.09.05:444][  0]LogSlate: Took 0.000324 seconds to synchronously load lazily loaded font '../../../Engine/Content/Slate/Fonts/Roboto-Bold.ttf' (160K)
[2018.08.03-13.09.05:520][  0]LogSlate: Took 0.018189 seconds to synchronously load lazily loaded font '../../../Engine/Content/Editor/Slate/Fonts/FontAwesome.ttf' (139K)
[2018.08.03-13.09.05:828][  0]LogRenderer: Reallocating scene render targets to support 964x440 Format 10 NumSamples 1 (Frame:1).
[2018.08.03-13.09.06:138][  0]LogContentBrowser: Native class hierarchy updated for 'HierarchicalLODOutliner' in 0.0004 seconds. Added 0 classes and 0 folders.
[2018.08.03-13.09.06:138][  0]LogLoad: (Engine Initialization) Total time: 11.35 seconds
[2018.08.03-13.09.06:138][  0]LogLoad: (Engine Initialization) Total Blueprint compile time: 0.00 seconds
[2018.08.03-13.09.06:149][  0]LogWindowsTextInputMethodSystem: Display: IME system now deactivated.
[2018.08.03-13.09.06:197][  0]LogContentStreaming: Texture pool size now 3000 MB
[2018.08.03-13.09.06:311][  1]LogAssetRegistry: Asset discovery search completed in 7.2270 seconds
[2018.08.03-13.09.06:313][  1]LogCollectionManager: Rebuilt the object cache for 0 collections in 0.000000 seconds (found 0 objects)
[2018.08.03-13.09.06:313][  1]LogCollectionManager: Fixed up redirectors for 0 collections in 0.000040 seconds (updated 0 objects)
[2018.08.03-13.09.16:187][126]LogSlate: FSceneViewport::OnFocusLost() reason 2
[2018.08.03-13.09.19:437][496]LogSlate: Took 0.015693 seconds to synchronously load lazily loaded font '../../../Engine/Content/Slate/Fonts/Roboto-Light.ttf' (167K)
[2018.08.03-13.09.19:440][496]LogSlate: FSceneViewport::OnFocusLost() reason 2
[2018.08.03-13.09.19:499][496]LogSlate: FSceneViewport::OnFocusLost() reason 2
[2018.08.03-13.09.19:539][496]LogSlate: Took 0.032633 seconds to synchronously load lazily loaded font '../../../Engine/Content/Slate/Fonts/Roboto-BoldCondensed.ttf' (158K)
[2018.08.03-13.18.48:589][925]Running D:/Apps/Epic Games/UE_4.20/Engine/Binaries/DotNET/UnrealBuildTool.exe  -projectfiles -project="D:/school/Shared Folder/HockeyPrizeFight/client/client.uproject" -game -rocket -progress
[2018.08.03-13.18.48:996][925]Discovering modules, targets and source code for project...
[2018.08.03-13.18.54:835][925]D:\Apps\Epic Games\UE_4.20\Engine\Source\ThirdParty\Expat\Expat.Build.cs: warning: Referenced directory 'D:\Apps\Epic Games\UE_4.20\Engine\Source\ThirdParty\Expat\expat-2.2.0\Win64\VS2015\Release' does not exist.
[2018.08.03-13.19.01:302][925]LogVSAccessor: Warning: Couldn't access Visual Studio
[2018.08.03-13.19.01:353][925]Candidate modules for hot reload:
[2018.08.03-13.19.01:353][925]  client
[2018.08.03-13.19.01:354][925]Launching UnrealBuildTool... [D:/Apps/Epic Games/UE_4.20/Engine/Binaries/DotNET/UnrealBuildTool.exe  -ModuleWithSuffix=client,7427 Win64 Development -TargetType=Editor -Project="../../../../../../school/Shared Folder/HockeyPrizeFight/client/client.uproject" -canskiplink "D:/school/Shared Folder/HockeyPrizeFight/client/client.uproject" ]
[2018.08.03-13.20.47:915][925]CompilerResultsLog: New page: Compilation - Aug 3, 2018, 5:20:47 PM
[2018.08.03-13.20.47:923][925]CompilerResultsLog: Performing full C++ include scan (hot reloading a new target)
[2018.08.03-13.20.47:923][925]CompilerResultsLog: Using 'git status' to determine working set for adaptive non-unity build.
[2018.08.03-13.20.47:923][925]CompilerResultsLog: Creating makefile for hot reloading clientEditor (no existing makefile)
[2018.08.03-13.20.47:923][925]CompilerResultsLog: Compiling game modules for hot reload
[2018.08.03-13.20.47:924][925]CompilerResultsLog: Using Visual Studio 2017 14.13.26128 toolchain (C:\Program Files (x86)\Microsoft Visual Studio\2017\Community\VC\Tools\MSVC\14.13.26128) and Windows 10.0.16299.0 SDK (C:\Program Files (x86)\Windows Kits\10).
[2018.08.03-13.20.47:924][925]CompilerResultsLog: Parsing headers for clientEditor
[2018.08.03-13.20.47:924][925]CompilerResultsLog:   Running UnrealHeaderTool "D:\school\Shared Folder\HockeyPrizeFight\client\client.uproject" "D:\school\Shared Folder\HockeyPrizeFight\client\Intermediate\Build\Win64\clientEditor\Development\clientEditor.uhtmanifest" -LogCmds="loginit warning, logexit warning, logdatabase error" -Unattended -WarningsAsErrors -installed
[2018.08.03-13.20.47:924][925]CompilerResultsLog: Reflection code generated for clientEditor in 11.9164241 seconds
[2018.08.03-13.20.47:924][925]CompilerResultsLog: Building 8 actions with 8 processes...
[2018.08.03-13.20.47:932][925]LogMainFrame: MainFrame: Module compiling took 106.630 seconds
[2018.08.03-13.20.47:955][925]Warning: HotReload failed, recompile failed
[2018.08.03-13.20.47:963][925]Warning: RebindPackages failed because compilation failed.
