Log file open, 08/03/18 15:21:38
LogWindows: Failed to load 'aqProf.dll' (GetLastError=126)
LogWindows: File 'aqProf.dll' does not exist
LogWindows: Failed to load 'VSPerf140.dll' (GetLastError=126)
LogWindows: File 'VSPerf140.dll' does not exist
LogWindows: Failed to load 'VtuneApi.dll' (GetLastError=126)
LogWindows: File 'VtuneApi.dll' does not exist
LogWindows: Failed to load 'VtuneApi32e.dll' (GetLastError=126)
LogWindows: File 'VtuneApi32e.dll' does not exist
LogInit: Display: Running engine for game: client
LogPlatformFile: Not using cached read wrapper
LogTaskGraph: Started task graph with 5 named threads and 23 total threads with 3 sets of task threads.
LogStats: Stats thread started at 0.278094
LogD3D11RHI: Loaded GFSDK_Aftermath_Lib.x64.dll
LogICUInternationalization: Display: ICU TimeZone Detection - Raw Offset: +1:00, Platform Override: ''
LogPluginManager: Mounting plugin Paper2D
LogPluginManager: Mounting plugin AISupport
LogPluginManager: Mounting plugin LightPropagationVolume
LogPluginManager: Mounting plugin CLionSourceCodeAccess
LogPluginManager: Mounting plugin CodeLiteSourceCodeAccess
LogPluginManager: Mounting plugin GitSourceControl
LogPluginManager: Mounting plugin KDevelopSourceCodeAccess
LogPluginManager: Mounting plugin NullSourceCodeAccess
LogPluginManager: Mounting plugin PerforceSourceControl
LogPluginManager: Mounting plugin SubversionSourceControl
LogPluginManager: Mounting plugin UObjectPlugin
LogPluginManager: Mounting plugin VisualStudioCodeSourceCodeAccess
LogPluginManager: Mounting plugin VisualStudioSourceCodeAccess
LogPluginManager: Mounting plugin XCodeSourceCodeAccess
LogPluginManager: Mounting plugin AssetManagerEditor
LogPluginManager: Mounting plugin CryptoKeys
LogPluginManager: Mounting plugin DataValidation
LogPluginManager: Mounting plugin FacialAnimation
LogPluginManager: Mounting plugin GameplayTagsEditor
LogPluginManager: Mounting plugin MacGraphicsSwitching
LogPluginManager: Mounting plugin MeshEditor
LogPluginManager: Mounting plugin MobileLauncherProfileWizard
LogPluginManager: Mounting plugin PluginBrowser
LogPluginManager: Mounting plugin SpeedTreeImporter
LogPluginManager: Mounting plugin DatasmithContent
LogPluginManager: Mounting plugin AlembicImporter
LogPluginManager: Mounting plugin AppleImageUtils
LogPluginManager: Mounting plugin AppleVision
LogPluginManager: Mounting plugin BackChannel
LogPluginManager: Mounting plugin CharacterAI
LogPluginManager: Mounting plugin GeometryCache
LogPluginManager: Mounting plugin HTML5Networking
LogPluginManager: Mounting plugin ProxyLODPlugin
LogPluginManager: Mounting plugin MagicLeap
LogPluginManager: Mounting plugin MagicLeapEmulator
LogPluginManager: Mounting plugin MagicLeapMedia
LogPluginManager: Mounting plugin AndroidMedia
LogPluginManager: Mounting plugin AvfMedia
LogPluginManager: Mounting plugin ImgMedia
LogPluginManager: Mounting plugin LinearTimecode
LogPluginManager: Mounting plugin MediaCompositing
LogPluginManager: Mounting plugin MediaPlayerEditor
LogPluginManager: Mounting plugin WmfMedia
LogPluginManager: Mounting plugin TcpMessaging
LogPluginManager: Mounting plugin UdpMessaging
LogPluginManager: Mounting plugin ActorSequence
LogPluginManager: Mounting plugin LevelSequenceEditor
LogPluginManager: Mounting plugin MatineeToLevelSequence
LogPluginManager: Mounting plugin NetcodeUnitTest
LogPluginManager: Mounting plugin NUTUnrealEngine4
LogPluginManager: Mounting plugin OnlineSubsystemGooglePlay
LogPluginManager: Mounting plugin OnlineSubsystemIOS
LogPluginManager: Mounting plugin OnlineSubsystem
LogPluginManager: Mounting plugin OnlineSubsystemNull
LogPluginManager: Mounting plugin OnlineSubsystemUtils
LogPluginManager: Mounting plugin LauncherChunkInstaller
LogPluginManager: Mounting plugin AndroidDeviceProfileSelector
LogPluginManager: Mounting plugin AndroidMoviePlayer
LogPluginManager: Mounting plugin AndroidPermission
LogPluginManager: Mounting plugin AppleMoviePlayer
LogPluginManager: Mounting plugin ArchVisCharacter
LogPluginManager: Mounting plugin AudioCapture
LogPluginManager: Mounting plugin CableComponent
LogPluginManager: Mounting plugin CustomMeshComponent
LogPluginManager: Mounting plugin EditableMesh
LogPluginManager: Mounting plugin ExampleDeviceProfileSelector
LogPluginManager: Mounting plugin GoogleCloudMessaging
LogPluginManager: Mounting plugin ImmediatePhysics
LogPluginManager: Mounting plugin IOSDeviceProfileSelector
LogPluginManager: Mounting plugin LinuxDeviceProfileSelector
LogPluginManager: Mounting plugin LocationServicesBPLibrary
LogPluginManager: Mounting plugin MobilePatchingUtils
LogPluginManager: Mounting plugin OculusVR
LogPluginManager: Plugin shader directory ../../../Engine/Plugins/Runtime/Oculus/OculusVR/Shaders found
LogPluginManager: Mapping shader source directory ../../../Engine/Plugins/Runtime/Oculus/OculusVR/Shaders to virtual directory /Plugin/OculusVR
LogPluginManager: Mounting plugin PhysXVehicles
LogPluginManager: Mounting plugin ProceduralMeshComponent
LogPluginManager: Mounting plugin RuntimePhysXCooking
LogPluginManager: Mounting plugin SteamVR
LogPluginManager: Mounting plugin WindowsMoviePlayer
LogStreaming: Display: Took  0.132s to configure plugins.
LogInit: Using libcurl 7.55.1-DEV
LogInit:  - built for x86_64-pc-win32
LogInit:  - supports SSL with OpenSSL/1.0.2h
LogInit:  - supports HTTP deflate (compression) using libz 1.2.8
LogInit:  - other features:
LogInit:      CURL_VERSION_SSL
LogInit:      CURL_VERSION_LIBZ
LogInit:      CURL_VERSION_IPV6
LogInit:      CURL_VERSION_ASYNCHDNS
LogInit:      CURL_VERSION_LARGEFILE
LogInit:      CURL_VERSION_IDN
LogInit:  CurlRequestOptions (configurable via config and command line):
LogInit:  - bVerifyPeer = false  - Libcurl will NOT verify peer certificate
LogInit:  - bUseHttpProxy = false  - Libcurl will NOT use HTTP proxy
LogInit:  - bDontReuseConnections = false  - Libcurl will reuse connections
LogInit:  - CertBundlePath = nullptr  - Libcurl will use whatever was configured at build time.
LogInit:  - MaxHostConnections = 16  - Libcurl will limit the number of connections to a host
LogInit:  - LocalHostAddr = Default
LogInit:  - BufferSize = 65536
LogInit: WinSock: version 1.1 (2.2), MaxSocks=32767, MaxUdp=65467
LogInit: Build: ++UE4+Release-4.20-CL-4233996
LogInit: Engine Version: 4.20.1-4233996+++UE4+Release-4.20
LogInit: Compatible Engine Version: 4.20.0-4212847+++UE4+Release-4.20
LogInit: Net CL: 4212847
LogInit: OS: Windows 10 (), CPU: Intel(R) Core(TM) i7-6700HQ CPU @ 2.60GHz, GPU: Intel(R) HD Graphics 530
LogInit: Compiled (64-bit): Jul 26 2018 10:07:30
LogInit: Compiled with Visual C++: 19.13.26129.00
LogInit: Build Configuration: Development
LogInit: Branch Name: ++UE4+Release-4.20
LogInit: Command Line: 
LogInit: Base Directory: D:/Apps/Epic Games/UE_4.20/Engine/Binaries/Win64/
LogInit: Installed Engine Build: 1
LogDevObjectVersion: Number of dev versions registered: 20
LogDevObjectVersion:   Dev-Blueprints (B0D832E4-1F89-4F0D-ACCF-7EB736FD4AA2): 10
LogDevObjectVersion:   Dev-Build (E1C64328-A22C-4D53-A36C-8E866417BD8C): 0
LogDevObjectVersion:   Dev-Core (375EC13C-06E4-48FB-B500-84F0262A717E): 2
LogDevObjectVersion:   Dev-Editor (E4B068ED-F494-42E9-A231-DA0B2E46BB41): 24
LogDevObjectVersion:   Dev-Framework (CFFC743F-43B0-4480-9391-14DF171D2073): 34
LogDevObjectVersion:   Dev-Mobile (B02B49B5-BB20-44E9-A304-32B752E40360): 2
LogDevObjectVersion:   Dev-Networking (A4E4105C-59A1-49B5-A7C5-40C4547EDFEE): 0
LogDevObjectVersion:   Dev-Online (39C831C9-5AE6-47DC-9A44-9C173E1C8E7C): 0
LogDevObjectVersion:   Dev-Physics (78F01B33-EBEA-4F98-B9B4-84EACCB95AA2): 0
LogDevObjectVersion:   Dev-Platform (6631380F-2D4D-43E0-8009-CF276956A95A): 0
LogDevObjectVersion:   Dev-Rendering (12F88B9F-8875-4AFC-A67C-D90C383ABD29): 26
LogDevObjectVersion:   Dev-Sequencer (7B5AE74C-D270-4C10-A958-57980B212A5A): 9
LogDevObjectVersion:   Dev-VR (D7296918-1DD6-4BDD-9DE2-64A83CC13884): 2
LogDevObjectVersion:   Dev-LoadTimes (C2A15278-BFE7-4AFE-6C17-90FF531DF755): 1
LogDevObjectVersion:   Private-Geometry (6EACA3D4-40EC-4CC1-B786-8BED09428FC5): 3
LogDevObjectVersion:   Dev-AnimPhys (29E575DD-E0A3-4627-9D10-D276232CDCEA): 17
LogDevObjectVersion:   Dev-ReflectionCapture (6B266CEC-1EC7-4B8F-A30B-E4D90942FC07): 1
LogDevObjectVersion:   Dev-Automation (0DF73D61-A23F-47EA-B727-89E90C41499A): 1
LogDevObjectVersion:   FortniteMain (601D1886-AC64-4F84-AA16-D3DE0DEAC7D6): 12
LogDevObjectVersion:   Dev-Enterprise (9DFFBCD6-494F-0158-E221-12823C92A888): 1
LogStreaming: Display: Took  0.000s to delete old logs.
LogInit: Presizing for max 8388607 objects, including 0 objects not considered by GC, pre-allocating 0 bytes for permanent pool.
LogInit: Object subsystem initialized
[2018.08.03-13.21.39:196][  0]LogInit: Selected Device Profile: [Windows]
[2018.08.03-13.21.39:196][  0]LogInit: Applying CVar settings loaded from the selected device profile: [Windows]
[2018.08.03-13.21.39:210][  0]LogHAL: Display: Platform has ~ 8 GB [8465137664 / 8589934592 / 8], which maps to Default [LargestMinGB=32, LargerMinGB=12, DefaultMinGB=8, SmallerMinGB=6, SmallestMinGB=0)
[2018.08.03-13.21.39:211][  0]LogInit: Setting Device Profile CVar: [[r.Vulkan.UseRealUBs:1]]
[2018.08.03-13.21.39:211][  0]LogInit: Going up to parent DeviceProfile []
[2018.08.03-13.21.39:211][  0]LogInit: Computer: DESKTOP-C257HNA
[2018.08.03-13.21.39:211][  0]LogInit: User: arthy
[2018.08.03-13.21.39:211][  0]LogInit: CPU Page size=4096, Cores=4
[2018.08.03-13.21.39:211][  0]LogInit: High frequency timer resolution =2.531247 MHz
[2018.08.03-13.21.39:211][  0]LogMemory: Memory total: Physical=7.9GB (8GB approx)
[2018.08.03-13.21.39:211][  0]LogMemory: Platform Memory Stats for Windows
[2018.08.03-13.21.39:211][  0]LogMemory: Process Physical Memory: 98.88 MB used, 98.88 MB peak
[2018.08.03-13.21.39:211][  0]LogMemory: Process Virtual Memory: 82.78 MB used, 82.78 MB peak
[2018.08.03-13.21.39:211][  0]LogMemory: Physical Memory: 4895.25 MB used,  3177.73 MB free, 8072.98 MB total
[2018.08.03-13.21.39:211][  0]LogMemory: Virtual Memory: 4631.03 MB used,  3177.73 MB free, 134217728.00 MB total
[2018.08.03-13.21.39:230][  0]LogInit: Using OS detected language (en-US).
[2018.08.03-13.21.39:230][  0]LogInit: Using OS detected locale (en-US).
[2018.08.03-13.21.39:231][  0]LogTextLocalizationManager: No specific localization for 'en-US' exists, so the 'en' localization will be used.
[2018.08.03-13.21.39:629][  0]LogStreaming: Display: Took  0.399s to InitEngineTextLocalization.
[2018.08.03-13.21.39:629][  0]LogInit: Setting process to per monitor DPI aware
[2018.08.03-13.21.39:652][  0]LogSlate: New Slate User Created.  User Index 0, Is Virtual User: 0
[2018.08.03-13.21.39:652][  0]LogSlate: Slate User Registered.  User Index 0, Is Virtual User: 0
[2018.08.03-13.21.39:998][  0]LogHMD: Failed to initialize OpenVR with code 110
[2018.08.03-13.21.39:999][  0]LogD3D11RHI: D3D11 adapters:
[2018.08.03-13.21.40:057][  0]LogD3D11RHI:    0. 'NVIDIA GeForce GTX 970M' (Feature Level 11_0)
[2018.08.03-13.21.40:057][  0]LogD3D11RHI:       3032/0/4036 MB DedicatedVideo/DedicatedSystem/SharedSystem, Outputs:1, VendorId:0x10de
[2018.08.03-13.21.40:064][  0]LogD3D11RHI:    1. 'Intel(R) HD Graphics 530' (Feature Level 11_0)
[2018.08.03-13.21.40:064][  0]LogD3D11RHI:       128/0/4036 MB DedicatedVideo/DedicatedSystem/SharedSystem, Outputs:0, VendorId:0x8086
[2018.08.03-13.21.40:066][  0]LogD3D11RHI:    2. 'Microsoft Basic Render Driver' (Feature Level 11_0)
[2018.08.03-13.21.40:066][  0]LogD3D11RHI:       0/0/4036 MB DedicatedVideo/DedicatedSystem/SharedSystem, Outputs:0, VendorId:0x1414
[2018.08.03-13.21.40:066][  0]LogD3D11RHI: Chosen D3D11 Adapter: 0
[2018.08.03-13.21.40:082][  0]LogD3D11RHI: Creating new Direct3DDevice
[2018.08.03-13.21.40:082][  0]LogD3D11RHI:     GPU DeviceId: 0x13d8 (for the marketing name, search the web for "GPU Device Id")
[2018.08.03-13.21.40:082][  0]LogWindows: EnumDisplayDevices:
[2018.08.03-13.21.40:082][  0]LogWindows:    0. 'Intel(R) HD Graphics 530' (P:1 D:1)
[2018.08.03-13.21.40:082][  0]LogWindows:    1. 'Intel(R) HD Graphics 530' (P:0 D:0)
[2018.08.03-13.21.40:082][  0]LogWindows:    2. 'Intel(R) HD Graphics 530' (P:0 D:0)
[2018.08.03-13.21.40:083][  0]LogWindows: DebugString: PrimaryIsNotTheChoosenAdapter PrimaryIsNotTheChoosenAdapter PrimaryIsNotTheChoosenAdapter FoundDriverCount:0 
[2018.08.03-13.21.40:083][  0]LogD3D11RHI:     Adapter Name: NVIDIA GeForce GTX 970M
[2018.08.03-13.21.40:083][  0]LogD3D11RHI:   Driver Version: Unknown (internal:Unknown, unified:Unknown)
[2018.08.03-13.21.40:083][  0]LogD3D11RHI:      Driver Date: Unknown
[2018.08.03-13.21.40:083][  0]LogRHI: Texture pool is 2122 MB (70% of 3032 MB)
[2018.08.03-13.21.40:121][  0]LogD3D11RHI: Async texture creation enabled
[2018.08.03-13.21.40:138][  0]LogD3D11RHI: GPU Timing Frequency: 1000.000000 (Debug: 2 2)
[2018.08.03-13.21.40:139][  0]LogShaderCompilers: Guid format shader working directory is -16 characters bigger than the processId version (../../../../../../school/Shared Folder/HockeyPrizeFight/client/Intermediate/Shaders/WorkingDirectory/3384/).
[2018.08.03-13.21.40:139][  0]LogShaderCompilers: Cleaned the shader compiler working directory 'C:/Users/arthy/AppData/Local/Temp/UnrealShaderWorkingDir/52D87E3A470AAE79CA236AA10D0BC74A/'.
[2018.08.03-13.21.40:411][  0]LogTemp: Display: Loaded TP AllDesktopTargetPlatform
[2018.08.03-13.21.40:425][  0]LogTemp: Display: Loaded TP MacClientTargetPlatform
[2018.08.03-13.21.40:438][  0]LogTemp: Display: Loaded TP MacNoEditorTargetPlatform
[2018.08.03-13.21.40:450][  0]LogTemp: Display: Loaded TP MacServerTargetPlatform
[2018.08.03-13.21.40:464][  0]LogTemp: Display: Loaded TP MacTargetPlatform
[2018.08.03-13.21.40:478][  0]LogTemp: Display: Loaded TP WindowsClientTargetPlatform
[2018.08.03-13.21.40:491][  0]LogTemp: Display: Loaded TP WindowsNoEditorTargetPlatform
[2018.08.03-13.21.40:505][  0]LogTemp: Display: Loaded TP WindowsServerTargetPlatform
[2018.08.03-13.21.40:510][  0]LogTemp: Display: Loaded TP WindowsTargetPlatform
[2018.08.03-13.21.40:591][  0]LogTemp: Display: Loaded TP AndroidTargetPlatform
[2018.08.03-13.21.40:591][  0]LogTemp: Display: Loaded TP AndroidTargetPlatform
[2018.08.03-13.21.40:591][  0]LogTemp: Display: Loaded TP AndroidTargetPlatform
[2018.08.03-13.21.40:591][  0]LogTemp: Display: Loaded TP AndroidTargetPlatform
[2018.08.03-13.21.40:591][  0]LogTemp: Display: Loaded TP AndroidTargetPlatform
[2018.08.03-13.21.40:591][  0]LogTemp: Display: Loaded TP AndroidTargetPlatform
[2018.08.03-13.21.40:591][  0]LogTemp: Display: Loaded TP AndroidTargetPlatform
[2018.08.03-13.21.40:591][  0]LogTemp: Display: Loaded TP AndroidTargetPlatform
[2018.08.03-13.21.40:591][  0]LogTemp: Display: Loaded TP AndroidTargetPlatform
[2018.08.03-13.21.40:591][  0]LogTemp: Display: Loaded TP AndroidTargetPlatform
[2018.08.03-13.21.40:591][  0]LogTemp: Display: Loaded TP AndroidTargetPlatform
[2018.08.03-13.21.40:591][  0]LogTemp: Display: Loaded TP AndroidTargetPlatform
[2018.08.03-13.21.40:591][  0]LogTemp: Display: Loaded TP AndroidTargetPlatform
[2018.08.03-13.21.40:591][  0]LogTemp: Display: Loaded TP AndroidTargetPlatform
[2018.08.03-13.21.40:591][  0]LogTemp: Display: Loaded TP AndroidTargetPlatform
[2018.08.03-13.21.40:591][  0]LogTemp: Display: Loaded TP AndroidTargetPlatform
[2018.08.03-13.21.40:591][  0]LogTemp: Display: Loaded TP AndroidTargetPlatform
[2018.08.03-13.21.40:591][  0]LogTemp: Display: Loaded TP AndroidTargetPlatform
[2018.08.03-13.21.40:592][  0]LogTemp: Display: Loaded TP HTML5TargetPlatform
[2018.08.03-13.21.40:656][  0]LogTemp: Display: Loaded TP IOSTargetPlatform
[2018.08.03-13.21.40:656][  0]LogTemp: Display: Loaded TP IOSTargetPlatform
[2018.08.03-13.21.40:680][  0]LogTemp: Display: Loaded TP TVOSTargetPlatform
[2018.08.03-13.21.40:680][  0]LogTemp: Display: Loaded TP TVOSTargetPlatform
[2018.08.03-13.21.40:696][  0]LogTemp: Display: Loaded TP LinuxClientTargetPlatform
[2018.08.03-13.21.40:709][  0]LogTemp: Display: Loaded TP LinuxNoEditorTargetPlatform
[2018.08.03-13.21.40:725][  0]LogTemp: Display: Loaded TP LinuxServerTargetPlatform
[2018.08.03-13.21.40:739][  0]LogTemp: Display: Loaded TP LinuxTargetPlatform
[2018.08.03-13.21.40:748][  0]LogTemp: Display: Loaded TP LuminTargetPlatform
[2018.08.03-13.21.40:749][  0]LogTargetPlatformManager: Display: Building Assets For Windows
[2018.08.03-13.21.40:795][  0]LogXGEController: Cannot use XGE Controller as Incredibuild is not installed on this machine.
[2018.08.03-13.21.40:795][  0]LogShaderCompilers: Cannot use XGE Shader Compiler as Incredibuild is not installed on this machine.
[2018.08.03-13.21.40:795][  0]LogShaderCompilers: Display: Using Local Shader Compiler.
[2018.08.03-13.21.41:556][  0]LogDerivedDataCache: Display: Max Cache Size: 512 MB
[2018.08.03-13.21.41:616][  0]LogDerivedDataCache: Loaded boot cache 0.06s 71MB C:/Users/arthy/AppData/Local/UnrealEngine/4.20/DerivedDataCache/Boot.ddc.
[2018.08.03-13.21.41:617][  0]LogDerivedDataCache: Display: Loaded Boot cache: C:/Users/arthy/AppData/Local/UnrealEngine/4.20/DerivedDataCache/Boot.ddc
[2018.08.03-13.21.41:617][  0]LogDerivedDataCache: FDerivedDataBackendGraph:  Pak pak cache file ../../../../../../school/Shared Folder/HockeyPrizeFight/client/DerivedDataCache/DDC.ddp not found, will not use a pak cache.
[2018.08.03-13.21.41:617][  0]LogDerivedDataCache: Unable to find inner node Pak for hierarchical cache Hierarchy.
[2018.08.03-13.21.41:617][  0]LogDerivedDataCache: FDerivedDataBackendGraph:  CompressedPak pak cache file ../../../../../../school/Shared Folder/HockeyPrizeFight/client/DerivedDataCache/Compressed.ddp not found, will not use a pak cache.
[2018.08.03-13.21.41:617][  0]LogDerivedDataCache: Unable to find inner node CompressedPak for hierarchical cache Hierarchy.
[2018.08.03-13.21.41:632][  0]LogDerivedDataCache: Display: Pak cache opened for reading ../../../Engine/DerivedDataCache/Compressed.ddp.
[2018.08.03-13.21.41:644][  0]LogDerivedDataCache: Using Local data cache path C:/Users/arthy/AppData/Local/UnrealEngine/Common/DerivedDataCache: Writable
[2018.08.03-13.21.41:644][  0]LogDerivedDataCache: Shared data cache path not found in *engine.ini, will not use an Shared cache.
[2018.08.03-13.21.41:644][  0]LogDerivedDataCache: Unable to find inner node Shared for hierarchical cache Hierarchy.
[2018.08.03-13.21.41:663][  0]LogMaterial: Verifying Global Shaders for PCD3D_SM5
[2018.08.03-13.21.41:666][  0]LogSlate: Using FreeType 2.6.0
[2018.08.03-13.21.41:666][  0]LogSlate: SlateFontServices - WITH_FREETYPE: 1, WITH_HARFBUZZ: 1
[2018.08.03-13.21.41:755][  0]LogAssetRegistry: FAssetRegistry took 0.0260 seconds to start up
[2018.08.03-13.21.42:088][  0]LogInit: Selected Device Profile: [Windows]
[2018.08.03-13.21.42:232][  0]LogSimplygon: Simplygon DLL not present - disabling.
[2018.08.03-13.21.42:235][  0]LogMeshReduction: Using SimplygonSwarm for distributed automatic mesh merging
[2018.08.03-13.21.42:235][  0]LogMeshReduction: Using ProxyLODMeshReduction for automatic mesh merging
[2018.08.03-13.21.42:235][  0]LogMeshReduction: Using QuadricMeshReduction for automatic static mesh reduction
[2018.08.03-13.21.42:235][  0]LogMeshReduction: No automatic skeletal mesh reduction module available
[2018.08.03-13.21.42:255][  0]LogNetVersion: client 1.0.0, NetCL: 4212847, EngineNetVer: 5, GameNetVer: 0 (Checksum: 1922516377)
[2018.08.03-13.21.42:806][  0]LogPackageLocalizationCache: Processed 11 localized package path(s) for 2 prioritized culture(s) in 0.114433 seconds
[2018.08.03-13.21.42:813][  0]LogUObjectArray: 38425 objects as part of root set at end of initial load.
[2018.08.03-13.21.42:813][  0]LogUObjectAllocator: 6690864 out of 0 bytes used by permanent object pool.
[2018.08.03-13.21.42:813][  0]LogUObjectArray: CloseDisregardForGC: 0/0 objects in disregard for GC pool
[2018.08.03-13.21.43:821][  0]LogTcpMessaging: Initializing TcpMessaging bridge
[2018.08.03-13.21.43:834][  0]LogUdpMessaging: Initializing bridge on interface 0.0.0.0:0 to multicast group 230.0.0.1:6666.
[2018.08.03-13.21.43:992][  0]SourceControl: Source control is disabled
[2018.08.03-13.21.43:992][  0]SourceControl: Source control is disabled
[2018.08.03-13.21.43:993][  0]SourceControl: Source control is disabled
[2018.08.03-13.21.43:994][  0]SourceControl: Source control is disabled
[2018.08.03-13.21.44:159][  0]LogAndroidPermission: UAndroidPermissionCallbackProxy::GetInstance
[2018.08.03-13.21.44:210][  0]LogOcInput: OculusInput pre-init called
[2018.08.03-13.21.44:274][  0]LogEngine: Initializing Engine...
[2018.08.03-13.21.44:275][  0]LogHMD: Failed to initialize OpenVR with code 110
[2018.08.03-13.21.44:276][  0]LogStats: UGameplayTagsManager::ConstructGameplayTagTree: ImportINI prefixes -  0.000 s
[2018.08.03-13.21.44:276][  0]LogStats: UGameplayTagsManager::ConstructGameplayTagTree: Construct from data asset -  0.000 s
[2018.08.03-13.21.44:276][  0]LogStats: UGameplayTagsManager::ConstructGameplayTagTree: ImportINI -  0.000 s
[2018.08.03-13.21.44:276][  0]LogStats: UGameplayTagsManager::ConstructGameplayTagTree: GameplayTagTreeChangedEvent.Broadcast -  0.000 s
[2018.08.03-13.21.44:542][  0]LogInit: Initializing FReadOnlyCVARCache
[2018.08.03-13.21.44:555][  0]LogAIModule: Creating AISystem for world Untitled
[2018.08.03-13.21.44:574][  0]LogInit: XAudio2 using 'Speakers (Realtek High Definition Audio)' : 2 channels at 48 kHz using 32 bits per sample (channel mask 0x3)
[2018.08.03-13.21.44:747][  0]LogInit: FAudioDevice initialized.
[2018.08.03-13.21.44:747][  0]LogNetVersion: Set ProjectVersion to 1.0.0.0. Version Checksum will be recalculated on next use.
[2018.08.03-13.21.44:834][  0]LogDerivedDataCache: Saved boot cache 0.09s 71MB C:/Users/arthy/AppData/Local/UnrealEngine/4.20/DerivedDataCache/Boot.ddc.
[2018.08.03-13.21.44:840][  0]LogInit: Texture streaming: Enabled
[2018.08.03-13.21.44:856][  0]LogEngineSessionManager: EngineSessionManager initialized
[2018.08.03-13.21.44:869][  0]LogInit: Transaction tracking system initialized
[2018.08.03-13.21.44:885][  0]BlueprintLog: New page: Editor Load
[2018.08.03-13.21.44:956][  0]LocalizationService: Localization service is disabled
[2018.08.03-13.21.45:236][  0]LogCook: Display: Max memory allowance for cook 16384mb min free memory 0mb
[2018.08.03-13.21.45:236][  0]LogCook: Display: Mobile HDR setting 1
[2018.08.03-13.21.45:236][  0]LogGameplayTags: Display: UGameplayTagsManager::DoneAddingNativeTags. DelegateIsBound: 0
[2018.08.03-13.21.45:236][  0]LogFileCache: Scanning file cache for directory 'D:/school/Shared Folder/HockeyPrizeFight/client/Content/' took 0.01s
[2018.08.03-13.21.45:236][  0]LogStats: UGameplayTagsManager::ConstructGameplayTagTree: ImportINI prefixes -  0.000 s
[2018.08.03-13.21.45:236][  0]LogStats: UGameplayTagsManager::ConstructGameplayTagTree: Construct from data asset -  0.000 s
[2018.08.03-13.21.45:237][  0]LogStats: UGameplayTagsManager::ConstructGameplayTagTree: ImportINI -  0.000 s
[2018.08.03-13.21.45:237][  0]LogStats: UGameplayTagsManager::ConstructGameplayTagTree: GameplayTagTreeChangedEvent.Broadcast -  0.000 s
[2018.08.03-13.21.45:371][  0]SourceControl: Source control is disabled
[2018.08.03-13.21.45:371][  0]Cmd: MAP LOAD FILE="../../../Engine/Content/Maps/Templates/Template_Default.umap" TEMPLATE=1 SHOWPROGRESS=1 FEATURELEVEL=3
[2018.08.03-13.21.45:371][  0]LightingResults: New page: Lighting Build
[2018.08.03-13.21.45:374][  0]MapCheck: New page: Map Check
[2018.08.03-13.21.45:374][  0]LightingResults: New page: Lighting Build
[2018.08.03-13.21.45:617][  0]LogAIModule: Creating AISystem for world Untitled_1
[2018.08.03-13.21.45:626][  0]LogEditorServer: Finished looking for orphan Actors (0.000 secs)
[2018.08.03-13.21.45:649][  0]Cmd: MAP CHECKDEP NOCLEARLOG
[2018.08.03-13.21.45:719][  0]MapCheck: Map check complete: 0 Error(s), 0 Warning(s), took 70.687ms to complete.
[2018.08.03-13.21.45:720][  0]LogFileHelpers: Loading map 'Template_Default' took 0.349
[2018.08.03-13.21.45:836][  0]LogSlate: Updating window title bar state: overlay mode, drag disabled, window buttons hidden, title bar hidden
[2018.08.03-13.21.45:845][  0]LogSlate: Updating window title bar state: overlay mode, drag disabled, window buttons hidden, title bar hidden
[2018.08.03-13.21.45:853][  0]LogSlate: Updating window title bar state: overlay mode, drag disabled, window buttons hidden, title bar hidden
[2018.08.03-13.21.45:864][  0]LogSlate: Updating window title bar state: overlay mode, drag disabled, window buttons hidden, title bar hidden
[2018.08.03-13.21.45:869][  0]LogCollectionManager: Loaded 0 collections in 0.001065 seconds
[2018.08.03-13.21.45:910][  0]LogFileCache: Scanning file cache for directory 'D:/school/Shared Folder/HockeyPrizeFight/client/Saved/Collections/' took 0.01s
[2018.08.03-13.21.45:910][  0]LogFileCache: Scanning file cache for directory 'D:/school/Shared Folder/HockeyPrizeFight/client/Content/Developers/arthy/Collections/' took 0.01s
[2018.08.03-13.21.45:910][  0]LogFileCache: Scanning file cache for directory 'D:/school/Shared Folder/HockeyPrizeFight/client/Content/Collections/' took 0.01s
[2018.08.03-13.21.45:910][  0]LogCollectionManager: Rebuilt the GUID cache for 0 collections in 0.000000 seconds
[2018.08.03-13.21.45:920][  0]LogContentBrowser: Native class hierarchy populated in 0.0103 seconds. Added 2573 classes and 605 folders.
[2018.08.03-13.21.45:926][  0]LogContentBrowser: Native class hierarchy updated for 'WidgetCarousel' in 0.0004 seconds. Added 0 classes and 0 folders.
[2018.08.03-13.21.45:992][  0]LogContentBrowser: Native class hierarchy updated for 'AddContentDialog' in 0.0004 seconds. Added 0 classes and 0 folders.
[2018.08.03-13.21.45:996][  0]LogContentBrowser: Native class hierarchy updated for 'SceneOutliner' in 0.0004 seconds. Added 1 classes and 2 folders.
[2018.08.03-13.21.46:013][  0]LogSlate: Took 0.000535 seconds to synchronously load lazily loaded font '../../../Engine/Content/Slate/Fonts/Roboto-Regular.ttf' (155K)
[2018.08.03-13.21.46:016][  0]LogSlate: Took 0.000292 seconds to synchronously load lazily loaded font '../../../Engine/Content/Slate/Fonts/Roboto-Bold.ttf' (160K)
[2018.08.03-13.21.46:023][  0]LogSlate: Took 0.000689 seconds to synchronously load lazily loaded font '../../../Engine/Content/Editor/Slate/Fonts/FontAwesome.ttf' (139K)
[2018.08.03-13.21.46:128][  0]LogRenderer: Reallocating scene render targets to support 964x440 Format 10 NumSamples 1 (Frame:1).
[2018.08.03-13.21.46:313][  0]LogContentBrowser: Native class hierarchy updated for 'HierarchicalLODOutliner' in 0.0005 seconds. Added 0 classes and 0 folders.
[2018.08.03-13.21.46:313][  0]LogLoad: (Engine Initialization) Total time: 9.01 seconds
[2018.08.03-13.21.46:313][  0]LogLoad: (Engine Initialization) Total Blueprint compile time: 0.00 seconds
[2018.08.03-13.21.46:361][  0]LogContentStreaming: Texture pool size now 3000 MB
[2018.08.03-13.21.46:397][  1]LogAssetRegistry: Asset discovery search completed in 4.6652 seconds
[2018.08.03-13.21.46:399][  1]LogCollectionManager: Rebuilt the object cache for 0 collections in 0.000000 seconds (found 0 objects)
[2018.08.03-13.21.46:399][  1]LogCollectionManager: Fixed up redirectors for 0 collections in 0.000041 seconds (updated 0 objects)
[2018.08.03-13.21.50:081][ 12]LogSlate: FSceneViewport::OnFocusLost() reason 2
[2018.08.03-13.21.53:876][237]LogUProjectInfo: Found projects:
[2018.08.03-13.21.53:880][237]LogSlate: FSceneViewport::OnFocusLost() reason 2
[2018.08.03-13.22.06:308][628]LogSlate: FSceneViewport::OnFocusLost() reason 0
[2018.08.03-13.22.08:888][783]LogSlate: Window 'Open Project' being destroyed
[2018.08.03-13.22.09:789][835]LogSlate: FSceneViewport::OnFocusLost() reason 0
[2018.08.03-13.22.10:993][847]LogSlate: Window 'Tutorials' being destroyed
[2018.08.03-13.22.12:066][907]Cmd: SELECT NONE
[2018.08.03-13.22.13:022][948]LogSlate: FSceneViewport::OnFocusLost() reason 2
[2018.08.03-13.22.24:797][653]LogSlate: FSceneViewport::OnFocusLost() reason 2
[2018.08.03-13.22.29:043][900]LogSlate: Took 0.000504 seconds to synchronously load lazily loaded font '../../../Engine/Content/Slate/Fonts/Roboto-Light.ttf' (167K)
[2018.08.03-13.22.29:045][900]LogSlate: FSceneViewport::OnFocusLost() reason 2
[2018.08.03-13.22.29:105][900]LogSlate: FSceneViewport::OnFocusLost() reason 2
[2018.08.03-13.22.29:126][900]LogSlate: Took 0.000402 seconds to synchronously load lazily loaded font '../../../Engine/Content/Slate/Fonts/Roboto-BoldCondensed.ttf' (158K)
[2018.08.03-13.23.00:158][757]Running D:/Apps/Epic Games/UE_4.20/Engine/Binaries/DotNET/UnrealBuildTool.exe  -projectfiles -project="D:/school/Shared Folder/HockeyPrizeFight/client/client.uproject" -game -rocket -progress
[2018.08.03-13.23.00:464][757]Discovering modules, targets and source code for project...
[2018.08.03-13.23.02:881][757]D:\Apps\Epic Games\UE_4.20\Engine\Source\ThirdParty\Expat\Expat.Build.cs: warning: Referenced directory 'D:\Apps\Epic Games\UE_4.20\Engine\Source\ThirdParty\Expat\expat-2.2.0\Win64\VS2015\Release' does not exist.
[2018.08.03-13.23.05:822][757]LogVSAccessor: Warning: Couldn't access Visual Studio
[2018.08.03-13.23.05:828][757]Candidate modules for hot reload:
[2018.08.03-13.23.05:828][757]  client
[2018.08.03-13.23.05:828][757]Launching UnrealBuildTool... [D:/Apps/Epic Games/UE_4.20/Engine/Binaries/DotNET/UnrealBuildTool.exe  -ModuleWithSuffix=client,5337 Win64 Development -TargetType=Editor -Project="../../../../../../school/Shared Folder/HockeyPrizeFight/client/client.uproject" -canskiplink "D:/school/Shared Folder/HockeyPrizeFight/client/client.uproject" ]
[2018.08.03-13.23.09:143][757]CompilerResultsLog: New page: Compilation - Aug 3, 2018, 5:23:09 PM
[2018.08.03-13.23.09:143][757]CompilerResultsLog: Using 'git status' to determine working set for adaptive non-unity build.
[2018.08.03-13.23.09:143][757]CompilerResultsLog: Compiling game modules for hot reload
[2018.08.03-13.23.09:143][757]CompilerResultsLog: Building 7 actions with 8 processes...
[2018.08.03-13.23.09:143][757]CompilerResultsLog:   clientService.cpp
[2018.08.03-13.23.09:143][757]CompilerResultsLog:   client.init.gen.cpp
[2018.08.03-13.23.09:143][757]CompilerResultsLog:   client.cpp
[2018.08.03-13.23.09:143][757]CompilerResultsLog:   clientGameModeBase.cpp
[2018.08.03-13.23.09:143][757]CompilerResultsLog:   clientGameModeBase.gen.cpp
[2018.08.03-13.23.09:143][757]CompilerResultsLog:   UE4Editor-client-5337.lib
[2018.08.03-13.23.09:143][757]CompilerResultsLog:   CVTRES : fatal error CVT1107: 'D:\school\Shared Folder\HockeyPrizeFight\client\Intermediate\Build\Win64\clientEditor\Development\Engine\SharedPCH.Engine.h.obj' is corrupt
[2018.08.03-13.23.09:143][757]CompilerResultsLog: Error:   D:\school\Shared Folder\HockeyPrizeFight\client\Intermediate\Build\Win64\clientEditor\Development\Engine\SharedPCH.Engine.h.obj : fatal error LNK1123: failure during conversion to COFF: file invalid or corrupt
[2018.08.03-13.23.09:143][757]CompilerResultsLog:   UE4Editor-client-5337.dll
[2018.08.03-13.23.09:143][757]CompilerResultsLog:      Creating library D:\school\Shared Folder\HockeyPrizeFight\client\Intermediate\Build\Win64\UE4Editor\Development\client\UE4Editor-client-5337.suppressed.lib and object D:\school\Shared Folder\HockeyPrizeFight\client\Intermediate\Build\Win64\UE4Editor\Development\client\UE4Editor-client-5337.suppressed.exp
[2018.08.03-13.23.09:144][757]CompilerResultsLog:   CVTRES : fatal error CVT1107: 'D:\school\Shared Folder\HockeyPrizeFight\client\Intermediate\Build\Win64\clientEditor\Development\Engine\SharedPCH.Engine.h.obj' is corrupt
[2018.08.03-13.23.09:144][757]CompilerResultsLog: Error:   LINK : fatal error LNK1123: failure during conversion to COFF: file invalid or corrupt
[2018.08.03-13.23.09:144][757]CompilerResultsLog: ERROR: UBT ERROR: Failed to produce item: D:\school\Shared Folder\HockeyPrizeFight\client\Binaries\Win64\UE4Editor-client-5337.dll
[2018.08.03-13.23.09:144][757]CompilerResultsLog:        (see ../Programs/UnrealBuildTool/Log.txt for full exception trace)
[2018.08.03-13.23.09:144][757]CompilerResultsLog: Total build time: 3.06 seconds (Parallel executor: 0.00 seconds)
[2018.08.03-13.23.09:144][757]LogMainFrame: MainFrame: Module compiling took 3.321 seconds
[2018.08.03-13.23.09:144][757]Warning: HotReload failed, recompile failed
[2018.08.03-13.23.09:151][757]Warning: RebindPackages failed because compilation failed.
[2018.08.03-13.23.09:161][757]LogSlate: FSceneViewport::OnFocusLost() reason 2
[2018.08.03-13.23.14:769][757]LogSlate: Window 'Message' being destroyed
[2018.08.03-13.23.14:776][757]LogSlate: Window 'Add C++ Class' being destroyed
[2018.08.03-13.23.14:836][757]LogHotReload: New module detected: UE4Editor-client-5337.dll
[2018.08.03-13.23.17:992][934]LogSlate: FSceneViewport::OnFocusLost() reason 0
[2018.08.03-13.23.30:579][686]LogSlate: Window 'Message Log' being destroyed
[2018.08.03-13.23.30:585][686]LogSlate: Window 'Message Log' being destroyed
[2018.08.03-13.23.33:846][879]LogSlate: FSceneViewport::OnFocusLost() reason 2
[2018.08.03-13.23.39:342][203]LogRenderer: Reallocating scene render targets to support 1224x440 Format 10 NumSamples 1 (Frame:4329).
[2018.08.03-13.23.48:839][768]LogTemp: Repeating last play command: Selected Viewport
[2018.08.03-13.23.48:998][768]LogPlayLevel: PlayLevel: No blueprints needed recompiling
[2018.08.03-13.23.49:048][768]PIE: New page: PIE session: Untitled_1 (Aug 3, 2018, 5:23:49 PM)
[2018.08.03-13.23.49:049][768]LogPlayLevel: Creating play world package: /Temp/UEDPIE_0_Untitled_1
[2018.08.03-13.23.49:106][768]LogPlayLevel: PIE: StaticDuplicateObject took: (0.057607s)
[2018.08.03-13.23.49:107][768]LogAIModule: Creating AISystem for world Untitled_1
[2018.08.03-13.23.49:129][768]LogPlayLevel: PIE: World Init took: (0.022050s)
[2018.08.03-13.23.49:138][768]LogPlayLevel: PIE: Created PIE world by copying editor world from /Temp/Untitled_1.Untitled_1 to /Temp/UEDPIE_0_Untitled_1.Untitled_1 (0.089170s)
[2018.08.03-13.23.49:217][768]LogInit: XAudio2 using 'Speakers (Realtek High Definition Audio)' : 2 channels at 48 kHz using 32 bits per sample (channel mask 0x3)
[2018.08.03-13.23.49:261][768]LogInit: FAudioDevice initialized.
[2018.08.03-13.23.49:327][768]LogLoad: Game class is 'GameModeBase'
[2018.08.03-13.23.49:430][768]LogWorld: Bringing World /Temp/UEDPIE_0_Untitled_1.Untitled_1 up for play (max tick rate 60) at 2018.08.03-15.23.49
[2018.08.03-13.23.49:478][768]LogWorld: Bringing up level for play took: 0.048381
[2018.08.03-13.23.49:692][768]LogContentBrowser: Native class hierarchy updated for 'MovieSceneCapture' in 0.0148 seconds. Added 10 classes and 0 folders.
[2018.08.03-13.23.49:845][768]PIE: Play in editor start time for /Temp/UEDPIE_0_Untitled_1 1.097
[2018.08.03-13.24.12:555][101]LogSlate: Updating window title bar state: overlay mode, drag disabled, window buttons hidden, title bar hidden
[2018.08.03-13.24.12:676][101]LogPlayLevel: Display: Shutting down PIE online subsystems
[2018.08.03-13.24.12:712][101]LogSlate: Updating window title bar state: overlay mode, drag disabled, window buttons hidden, title bar hidden
[2018.08.03-13.24.12:745][102]LogPlayLevel: Display: Destroying online subsystem :Context_1
[2018.08.03-13.24.23:514][748]LogSlate: FSceneViewport::OnFocusLost() reason 0
