Log file open, 08/04/18 12:11:53
LogWindows: Failed to load 'aqProf.dll' (GetLastError=126)
LogWindows: File 'aqProf.dll' does not exist
LogWindows: Failed to load 'VSPerf140.dll' (GetLastError=126)
LogWindows: File 'VSPerf140.dll' does not exist
LogWindows: Failed to load 'VtuneApi.dll' (GetLastError=126)
LogWindows: File 'VtuneApi.dll' does not exist
LogWindows: Failed to load 'VtuneApi32e.dll' (GetLastError=126)
LogWindows: File 'VtuneApi32e.dll' does not exist
LogInit: Display: Running engine for game: client
LogPlatformFile: Not using cached read wrapper
LogTaskGraph: Started task graph with 5 named threads and 23 total threads with 3 sets of task threads.
LogStats: Stats thread started at 0.270767
LogD3D11RHI: Loaded GFSDK_Aftermath_Lib.x64.dll
LogICUInternationalization: Display: ICU TimeZone Detection - Raw Offset: +1:00, Platform Override: ''
LogPluginManager: Mounting plugin Paper2D
LogPluginManager: Mounting plugin AISupport
LogPluginManager: Mounting plugin LightPropagationVolume
LogPluginManager: Mounting plugin CLionSourceCodeAccess
LogPluginManager: Mounting plugin CodeLiteSourceCodeAccess
LogPluginManager: Mounting plugin GitSourceControl
LogPluginManager: Mounting plugin KDevelopSourceCodeAccess
LogPluginManager: Mounting plugin NullSourceCodeAccess
LogPluginManager: Mounting plugin PerforceSourceControl
LogPluginManager: Mounting plugin SubversionSourceControl
LogPluginManager: Mounting plugin UObjectPlugin
LogPluginManager: Mounting plugin VisualStudioCodeSourceCodeAccess
LogPluginManager: Mounting plugin VisualStudioSourceCodeAccess
LogPluginManager: Mounting plugin XCodeSourceCodeAccess
LogPluginManager: Mounting plugin AssetManagerEditor
LogPluginManager: Mounting plugin CryptoKeys
LogPluginManager: Mounting plugin DataValidation
LogPluginManager: Mounting plugin FacialAnimation
LogPluginManager: Mounting plugin GameplayTagsEditor
LogPluginManager: Mounting plugin MacGraphicsSwitching
LogPluginManager: Mounting plugin MeshEditor
LogPluginManager: Mounting plugin MobileLauncherProfileWizard
LogPluginManager: Mounting plugin PluginBrowser
LogPluginManager: Mounting plugin SpeedTreeImporter
LogPluginManager: Mounting plugin DatasmithContent
LogPluginManager: Mounting plugin AlembicImporter
LogPluginManager: Mounting plugin AppleImageUtils
LogPluginManager: Mounting plugin AppleVision
LogPluginManager: Mounting plugin BackChannel
LogPluginManager: Mounting plugin CharacterAI
LogPluginManager: Mounting plugin GeometryCache
LogPluginManager: Mounting plugin HTML5Networking
LogPluginManager: Mounting plugin ProxyLODPlugin
LogPluginManager: Mounting plugin MagicLeap
LogPluginManager: Mounting plugin MagicLeapEmulator
LogPluginManager: Mounting plugin MagicLeapMedia
LogPluginManager: Mounting plugin AndroidMedia
LogPluginManager: Mounting plugin AvfMedia
LogPluginManager: Mounting plugin ImgMedia
LogPluginManager: Mounting plugin LinearTimecode
LogPluginManager: Mounting plugin MediaCompositing
LogPluginManager: Mounting plugin MediaPlayerEditor
LogPluginManager: Mounting plugin WmfMedia
LogPluginManager: Mounting plugin TcpMessaging
LogPluginManager: Mounting plugin UdpMessaging
LogPluginManager: Mounting plugin ActorSequence
LogPluginManager: Mounting plugin LevelSequenceEditor
LogPluginManager: Mounting plugin MatineeToLevelSequence
LogPluginManager: Mounting plugin NetcodeUnitTest
LogPluginManager: Mounting plugin NUTUnrealEngine4
LogPluginManager: Mounting plugin OnlineSubsystemGooglePlay
LogPluginManager: Mounting plugin OnlineSubsystemIOS
LogPluginManager: Mounting plugin OnlineSubsystem
LogPluginManager: Mounting plugin OnlineSubsystemNull
LogPluginManager: Mounting plugin OnlineSubsystemUtils
LogPluginManager: Mounting plugin LauncherChunkInstaller
LogPluginManager: Mounting plugin AndroidDeviceProfileSelector
LogPluginManager: Mounting plugin AndroidMoviePlayer
LogPluginManager: Mounting plugin AndroidPermission
LogPluginManager: Mounting plugin AppleMoviePlayer
LogPluginManager: Mounting plugin ArchVisCharacter
LogPluginManager: Mounting plugin AudioCapture
LogPluginManager: Mounting plugin CableComponent
LogPluginManager: Mounting plugin CustomMeshComponent
LogPluginManager: Mounting plugin EditableMesh
LogPluginManager: Mounting plugin ExampleDeviceProfileSelector
LogPluginManager: Mounting plugin GoogleCloudMessaging
LogPluginManager: Mounting plugin ImmediatePhysics
LogPluginManager: Mounting plugin IOSDeviceProfileSelector
LogPluginManager: Mounting plugin LinuxDeviceProfileSelector
LogPluginManager: Mounting plugin LocationServicesBPLibrary
LogPluginManager: Mounting plugin MobilePatchingUtils
LogPluginManager: Mounting plugin OculusVR
LogPluginManager: Plugin shader directory ../../../Engine/Plugins/Runtime/Oculus/OculusVR/Shaders found
LogPluginManager: Mapping shader source directory ../../../Engine/Plugins/Runtime/Oculus/OculusVR/Shaders to virtual directory /Plugin/OculusVR
LogPluginManager: Mounting plugin PhysXVehicles
LogPluginManager: Mounting plugin ProceduralMeshComponent
LogPluginManager: Mounting plugin RuntimePhysXCooking
LogPluginManager: Mounting plugin SteamVR
LogPluginManager: Mounting plugin WindowsMoviePlayer
LogStreaming: Display: Took  0.668s to configure plugins.
LogInit: Using libcurl 7.55.1-DEV
LogInit:  - built for x86_64-pc-win32
LogInit:  - supports SSL with OpenSSL/1.0.2h
LogInit:  - supports HTTP deflate (compression) using libz 1.2.8
LogInit:  - other features:
LogInit:      CURL_VERSION_SSL
LogInit:      CURL_VERSION_LIBZ
LogInit:      CURL_VERSION_IPV6
LogInit:      CURL_VERSION_ASYNCHDNS
LogInit:      CURL_VERSION_LARGEFILE
LogInit:      CURL_VERSION_IDN
LogInit:  CurlRequestOptions (configurable via config and command line):
LogInit:  - bVerifyPeer = false  - Libcurl will NOT verify peer certificate
LogInit:  - bUseHttpProxy = false  - Libcurl will NOT use HTTP proxy
LogInit:  - bDontReuseConnections = false  - Libcurl will reuse connections
LogInit:  - CertBundlePath = nullptr  - Libcurl will use whatever was configured at build time.
LogInit:  - MaxHostConnections = 16  - Libcurl will limit the number of connections to a host
LogInit:  - LocalHostAddr = Default
LogInit:  - BufferSize = 65536
LogInit: WinSock: version 1.1 (2.2), MaxSocks=32767, MaxUdp=65467
LogInit: Build: ++UE4+Release-4.20-CL-4233996
LogInit: Engine Version: 4.20.1-4233996+++UE4+Release-4.20
LogInit: Compatible Engine Version: 4.20.0-4212847+++UE4+Release-4.20
LogInit: Net CL: 4212847
LogInit: OS: Windows 10 (), CPU: Intel(R) Core(TM) i7-6700HQ CPU @ 2.60GHz, GPU: Intel(R) HD Graphics 530
LogInit: Compiled (64-bit): Jul 26 2018 10:07:30
LogInit: Compiled with Visual C++: 19.13.26129.00
LogInit: Build Configuration: Development
LogInit: Branch Name: ++UE4+Release-4.20
LogInit: Command Line: -EpicPortal 
LogInit: Base Directory: D:/Apps/Epic Games/UE_4.20/Engine/Binaries/Win64/
LogInit: Installed Engine Build: 1
LogDevObjectVersion: Number of dev versions registered: 20
LogDevObjectVersion:   Dev-Blueprints (B0D832E4-1F89-4F0D-ACCF-7EB736FD4AA2): 10
LogDevObjectVersion:   Dev-Build (E1C64328-A22C-4D53-A36C-8E866417BD8C): 0
LogDevObjectVersion:   Dev-Core (375EC13C-06E4-48FB-B500-84F0262A717E): 2
LogDevObjectVersion:   Dev-Editor (E4B068ED-F494-42E9-A231-DA0B2E46BB41): 24
LogDevObjectVersion:   Dev-Framework (CFFC743F-43B0-4480-9391-14DF171D2073): 34
LogDevObjectVersion:   Dev-Mobile (B02B49B5-BB20-44E9-A304-32B752E40360): 2
LogDevObjectVersion:   Dev-Networking (A4E4105C-59A1-49B5-A7C5-40C4547EDFEE): 0
LogDevObjectVersion:   Dev-Online (39C831C9-5AE6-47DC-9A44-9C173E1C8E7C): 0
LogDevObjectVersion:   Dev-Physics (78F01B33-EBEA-4F98-B9B4-84EACCB95AA2): 0
LogDevObjectVersion:   Dev-Platform (6631380F-2D4D-43E0-8009-CF276956A95A): 0
LogDevObjectVersion:   Dev-Rendering (12F88B9F-8875-4AFC-A67C-D90C383ABD29): 26
LogDevObjectVersion:   Dev-Sequencer (7B5AE74C-D270-4C10-A958-57980B212A5A): 9
LogDevObjectVersion:   Dev-VR (D7296918-1DD6-4BDD-9DE2-64A83CC13884): 2
LogDevObjectVersion:   Dev-LoadTimes (C2A15278-BFE7-4AFE-6C17-90FF531DF755): 1
LogDevObjectVersion:   Private-Geometry (6EACA3D4-40EC-4CC1-B786-8BED09428FC5): 3
LogDevObjectVersion:   Dev-AnimPhys (29E575DD-E0A3-4627-9D10-D276232CDCEA): 17
LogDevObjectVersion:   Dev-ReflectionCapture (6B266CEC-1EC7-4B8F-A30B-E4D90942FC07): 1
LogDevObjectVersion:   Dev-Automation (0DF73D61-A23F-47EA-B727-89E90C41499A): 1
LogDevObjectVersion:   FortniteMain (601D1886-AC64-4F84-AA16-D3DE0DEAC7D6): 12
LogDevObjectVersion:   Dev-Enterprise (9DFFBCD6-494F-0158-E221-12823C92A888): 1
LogStreaming: Display: Took  0.014s to delete old logs.
LogInit: Presizing for max 8388607 objects, including 0 objects not considered by GC, pre-allocating 0 bytes for permanent pool.
LogInit: Object subsystem initialized
[2018.08.04-10.11.54:503][  0]LogInit: Selected Device Profile: [Windows]
[2018.08.04-10.11.54:503][  0]LogInit: Applying CVar settings loaded from the selected device profile: [Windows]
[2018.08.04-10.11.54:556][  0]LogHAL: Display: Platform has ~ 8 GB [8465137664 / 8589934592 / 8], which maps to Default [LargestMinGB=32, LargerMinGB=12, DefaultMinGB=8, SmallerMinGB=6, SmallestMinGB=0)
[2018.08.04-10.11.54:556][  0]LogInit: Setting Device Profile CVar: [[r.Vulkan.UseRealUBs:1]]
[2018.08.04-10.11.54:556][  0]LogInit: Going up to parent DeviceProfile []
[2018.08.04-10.11.54:557][  0]LogInit: Computer: DESKTOP-C257HNA
[2018.08.04-10.11.54:557][  0]LogInit: User: arthy
[2018.08.04-10.11.54:557][  0]LogInit: CPU Page size=4096, Cores=4
[2018.08.04-10.11.54:557][  0]LogInit: High frequency timer resolution =2.531247 MHz
[2018.08.04-10.11.54:557][  0]LogMemory: Memory total: Physical=7.9GB (8GB approx)
[2018.08.04-10.11.54:557][  0]LogMemory: Platform Memory Stats for Windows
[2018.08.04-10.11.54:557][  0]LogMemory: Process Physical Memory: 99.21 MB used, 99.21 MB peak
[2018.08.04-10.11.54:557][  0]LogMemory: Process Virtual Memory: 83.04 MB used, 83.04 MB peak
[2018.08.04-10.11.54:557][  0]LogMemory: Physical Memory: 6088.22 MB used,  1984.76 MB free, 8072.98 MB total
[2018.08.04-10.11.54:557][  0]LogMemory: Virtual Memory: 4631.03 MB used,  1984.76 MB free, 134217728.00 MB total
[2018.08.04-10.11.54:576][  0]LogInit: Using OS detected language (en-US).
[2018.08.04-10.11.54:576][  0]LogInit: Using OS detected locale (en-US).
[2018.08.04-10.11.54:577][  0]LogTextLocalizationManager: No specific localization for 'en-US' exists, so the 'en' localization will be used.
[2018.08.04-10.11.54:954][  0]LogStreaming: Display: Took  0.378s to InitEngineTextLocalization.
[2018.08.04-10.11.54:954][  0]LogInit: Setting process to per monitor DPI aware
[2018.08.04-10.11.54:969][  0]LogSlate: New Slate User Created.  User Index 0, Is Virtual User: 0
[2018.08.04-10.11.54:969][  0]LogSlate: Slate User Registered.  User Index 0, Is Virtual User: 0
[2018.08.04-10.11.55:288][  0]LogHMD: Failed to initialize OpenVR with code 110
[2018.08.04-10.11.55:288][  0]LogD3D11RHI: D3D11 adapters:
[2018.08.04-10.11.55:375][  0]LogD3D11RHI:    0. 'NVIDIA GeForce GTX 970M' (Feature Level 11_0)
[2018.08.04-10.11.55:375][  0]LogD3D11RHI:       3032/0/4036 MB DedicatedVideo/DedicatedSystem/SharedSystem, Outputs:1, VendorId:0x10de
[2018.08.04-10.11.55:382][  0]LogD3D11RHI:    1. 'Intel(R) HD Graphics 530' (Feature Level 11_0)
[2018.08.04-10.11.55:382][  0]LogD3D11RHI:       128/0/4036 MB DedicatedVideo/DedicatedSystem/SharedSystem, Outputs:0, VendorId:0x8086
[2018.08.04-10.11.55:384][  0]LogD3D11RHI:    2. 'Microsoft Basic Render Driver' (Feature Level 11_0)
[2018.08.04-10.11.55:385][  0]LogD3D11RHI:       0/0/4036 MB DedicatedVideo/DedicatedSystem/SharedSystem, Outputs:0, VendorId:0x1414
[2018.08.04-10.11.55:385][  0]LogD3D11RHI: Chosen D3D11 Adapter: 0
[2018.08.04-10.11.55:402][  0]LogD3D11RHI: Creating new Direct3DDevice
[2018.08.04-10.11.55:402][  0]LogD3D11RHI:     GPU DeviceId: 0x13d8 (for the marketing name, search the web for "GPU Device Id")
[2018.08.04-10.11.55:402][  0]LogWindows: EnumDisplayDevices:
[2018.08.04-10.11.55:402][  0]LogWindows:    0. 'Intel(R) HD Graphics 530' (P:1 D:1)
[2018.08.04-10.11.55:402][  0]LogWindows:    1. 'Intel(R) HD Graphics 530' (P:0 D:0)
[2018.08.04-10.11.55:402][  0]LogWindows:    2. 'Intel(R) HD Graphics 530' (P:0 D:0)
[2018.08.04-10.11.55:403][  0]LogWindows: DebugString: PrimaryIsNotTheChoosenAdapter PrimaryIsNotTheChoosenAdapter PrimaryIsNotTheChoosenAdapter FoundDriverCount:0 
[2018.08.04-10.11.55:403][  0]LogD3D11RHI:     Adapter Name: NVIDIA GeForce GTX 970M
[2018.08.04-10.11.55:403][  0]LogD3D11RHI:   Driver Version: Unknown (internal:Unknown, unified:Unknown)
[2018.08.04-10.11.55:403][  0]LogD3D11RHI:      Driver Date: Unknown
[2018.08.04-10.11.55:403][  0]LogRHI: Texture pool is 2122 MB (70% of 3032 MB)
[2018.08.04-10.11.55:442][  0]LogD3D11RHI: Async texture creation enabled
[2018.08.04-10.11.55:457][  0]LogD3D11RHI: GPU Timing Frequency: 1000.000000 (Debug: 2 2)
[2018.08.04-10.11.55:458][  0]LogShaderCompilers: Guid format shader working directory is -16 characters bigger than the processId version (../../../../../../school/Shared Folder/HockeyPrizeFight/client/Intermediate/Shaders/WorkingDirectory/7672/).
[2018.08.04-10.11.55:458][  0]LogShaderCompilers: Cleaned the shader compiler working directory 'C:/Users/arthy/AppData/Local/Temp/UnrealShaderWorkingDir/7211693141CB4DC54DA95185BEFC54DA/'.
[2018.08.04-10.11.55:763][  0]LogTemp: Display: Loaded TP AllDesktopTargetPlatform
[2018.08.04-10.11.55:777][  0]LogTemp: Display: Loaded TP MacClientTargetPlatform
[2018.08.04-10.11.55:792][  0]LogTemp: Display: Loaded TP MacNoEditorTargetPlatform
[2018.08.04-10.11.55:805][  0]LogTemp: Display: Loaded TP MacServerTargetPlatform
[2018.08.04-10.11.55:819][  0]LogTemp: Display: Loaded TP MacTargetPlatform
[2018.08.04-10.11.55:832][  0]LogTemp: Display: Loaded TP WindowsClientTargetPlatform
[2018.08.04-10.11.55:845][  0]LogTemp: Display: Loaded TP WindowsNoEditorTargetPlatform
[2018.08.04-10.11.55:859][  0]LogTemp: Display: Loaded TP WindowsServerTargetPlatform
[2018.08.04-10.11.55:864][  0]LogTemp: Display: Loaded TP WindowsTargetPlatform
[2018.08.04-10.11.55:960][  0]LogTemp: Display: Loaded TP AndroidTargetPlatform
[2018.08.04-10.11.55:960][  0]LogTemp: Display: Loaded TP AndroidTargetPlatform
[2018.08.04-10.11.55:960][  0]LogTemp: Display: Loaded TP AndroidTargetPlatform
[2018.08.04-10.11.55:960][  0]LogTemp: Display: Loaded TP AndroidTargetPlatform
[2018.08.04-10.11.55:960][  0]LogTemp: Display: Loaded TP AndroidTargetPlatform
[2018.08.04-10.11.55:960][  0]LogTemp: Display: Loaded TP AndroidTargetPlatform
[2018.08.04-10.11.55:960][  0]LogTemp: Display: Loaded TP AndroidTargetPlatform
[2018.08.04-10.11.55:960][  0]LogTemp: Display: Loaded TP AndroidTargetPlatform
[2018.08.04-10.11.55:960][  0]LogTemp: Display: Loaded TP AndroidTargetPlatform
[2018.08.04-10.11.55:960][  0]LogTemp: Display: Loaded TP AndroidTargetPlatform
[2018.08.04-10.11.55:960][  0]LogTemp: Display: Loaded TP AndroidTargetPlatform
[2018.08.04-10.11.55:960][  0]LogTemp: Display: Loaded TP AndroidTargetPlatform
[2018.08.04-10.11.55:960][  0]LogTemp: Display: Loaded TP AndroidTargetPlatform
[2018.08.04-10.11.55:961][  0]LogTemp: Display: Loaded TP AndroidTargetPlatform
[2018.08.04-10.11.55:961][  0]LogTemp: Display: Loaded TP AndroidTargetPlatform
[2018.08.04-10.11.55:961][  0]LogTemp: Display: Loaded TP AndroidTargetPlatform
[2018.08.04-10.11.55:961][  0]LogTemp: Display: Loaded TP AndroidTargetPlatform
[2018.08.04-10.11.55:961][  0]LogTemp: Display: Loaded TP AndroidTargetPlatform
[2018.08.04-10.11.55:963][  0]LogTemp: Display: Loaded TP HTML5TargetPlatform
[2018.08.04-10.11.56:032][  0]LogTemp: Display: Loaded TP IOSTargetPlatform
[2018.08.04-10.11.56:032][  0]LogTemp: Display: Loaded TP IOSTargetPlatform
[2018.08.04-10.11.56:065][  0]LogTemp: Display: Loaded TP TVOSTargetPlatform
[2018.08.04-10.11.56:065][  0]LogTemp: Display: Loaded TP TVOSTargetPlatform
[2018.08.04-10.11.56:081][  0]LogTemp: Display: Loaded TP LinuxClientTargetPlatform
[2018.08.04-10.11.56:102][  0]LogTemp: Display: Loaded TP LinuxNoEditorTargetPlatform
[2018.08.04-10.11.56:118][  0]LogTemp: Display: Loaded TP LinuxServerTargetPlatform
[2018.08.04-10.11.56:131][  0]LogTemp: Display: Loaded TP LinuxTargetPlatform
[2018.08.04-10.11.56:142][  0]LogTemp: Display: Loaded TP LuminTargetPlatform
[2018.08.04-10.11.56:142][  0]LogTargetPlatformManager: Display: Building Assets For Windows
[2018.08.04-10.11.56:201][  0]LogXGEController: Cannot use XGE Controller as Incredibuild is not installed on this machine.
[2018.08.04-10.11.56:201][  0]LogShaderCompilers: Cannot use XGE Shader Compiler as Incredibuild is not installed on this machine.
[2018.08.04-10.11.56:201][  0]LogShaderCompilers: Display: Using Local Shader Compiler.
[2018.08.04-10.11.57:045][  0]LogDerivedDataCache: Display: Max Cache Size: 512 MB
[2018.08.04-10.11.57:112][  0]LogDerivedDataCache: Loaded boot cache 0.07s 71MB C:/Users/arthy/AppData/Local/UnrealEngine/4.20/DerivedDataCache/Boot.ddc.
[2018.08.04-10.11.57:113][  0]LogDerivedDataCache: Display: Loaded Boot cache: C:/Users/arthy/AppData/Local/UnrealEngine/4.20/DerivedDataCache/Boot.ddc
[2018.08.04-10.11.57:113][  0]LogDerivedDataCache: FDerivedDataBackendGraph:  Pak pak cache file ../../../../../../school/Shared Folder/HockeyPrizeFight/client/DerivedDataCache/DDC.ddp not found, will not use a pak cache.
[2018.08.04-10.11.57:113][  0]LogDerivedDataCache: Unable to find inner node Pak for hierarchical cache Hierarchy.
[2018.08.04-10.11.57:113][  0]LogDerivedDataCache: FDerivedDataBackendGraph:  CompressedPak pak cache file ../../../../../../school/Shared Folder/HockeyPrizeFight/client/DerivedDataCache/Compressed.ddp not found, will not use a pak cache.
[2018.08.04-10.11.57:113][  0]LogDerivedDataCache: Unable to find inner node CompressedPak for hierarchical cache Hierarchy.
[2018.08.04-10.11.57:127][  0]LogDerivedDataCache: Display: Pak cache opened for reading ../../../Engine/DerivedDataCache/Compressed.ddp.
[2018.08.04-10.11.57:139][  0]LogDerivedDataCache: Using Local data cache path C:/Users/arthy/AppData/Local/UnrealEngine/Common/DerivedDataCache: Writable
[2018.08.04-10.11.57:139][  0]LogDerivedDataCache: Shared data cache path not found in *engine.ini, will not use an Shared cache.
[2018.08.04-10.11.57:139][  0]LogDerivedDataCache: Unable to find inner node Shared for hierarchical cache Hierarchy.
[2018.08.04-10.11.57:157][  0]LogMaterial: Verifying Global Shaders for PCD3D_SM5
[2018.08.04-10.11.57:159][  0]LogSlate: Using FreeType 2.6.0
[2018.08.04-10.11.57:159][  0]LogSlate: SlateFontServices - WITH_FREETYPE: 1, WITH_HARFBUZZ: 1
[2018.08.04-10.11.57:243][  0]LogAssetRegistry: FAssetRegistry took 0.0261 seconds to start up
[2018.08.04-10.11.57:573][  0]LogInit: Selected Device Profile: [Windows]
[2018.08.04-10.11.57:716][  0]LogSimplygon: Simplygon DLL not present - disabling.
[2018.08.04-10.11.57:719][  0]LogMeshReduction: Using SimplygonSwarm for distributed automatic mesh merging
[2018.08.04-10.11.57:719][  0]LogMeshReduction: Using ProxyLODMeshReduction for automatic mesh merging
[2018.08.04-10.11.57:719][  0]LogMeshReduction: Using QuadricMeshReduction for automatic static mesh reduction
[2018.08.04-10.11.57:719][  0]LogMeshReduction: No automatic skeletal mesh reduction module available
[2018.08.04-10.11.57:734][  0]LogNetVersion: client 1.0.0, NetCL: 4212847, EngineNetVer: 5, GameNetVer: 0 (Checksum: 1922516377)
[2018.08.04-10.11.58:495][  0]LogPackageLocalizationCache: Processed 11 localized package path(s) for 2 prioritized culture(s) in 0.320561 seconds
[2018.08.04-10.11.58:501][  0]LogUObjectArray: 38425 objects as part of root set at end of initial load.
[2018.08.04-10.11.58:501][  0]LogUObjectAllocator: 6690864 out of 0 bytes used by permanent object pool.
[2018.08.04-10.11.58:501][  0]LogUObjectArray: CloseDisregardForGC: 0/0 objects in disregard for GC pool
[2018.08.04-10.11.59:637][  0]LogTcpMessaging: Initializing TcpMessaging bridge
[2018.08.04-10.11.59:650][  0]LogUdpMessaging: Initializing bridge on interface 0.0.0.0:0 to multicast group 230.0.0.1:6666.
[2018.08.04-10.11.59:905][  0]SourceControl: Source control is disabled
[2018.08.04-10.11.59:905][  0]SourceControl: Source control is disabled
[2018.08.04-10.11.59:907][  0]SourceControl: Source control is disabled
[2018.08.04-10.11.59:908][  0]SourceControl: Source control is disabled
[2018.08.04-10.12.00:083][  0]LogAndroidPermission: UAndroidPermissionCallbackProxy::GetInstance
[2018.08.04-10.12.00:133][  0]LogOcInput: OculusInput pre-init called
[2018.08.04-10.12.00:193][  0]LogEngine: Initializing Engine...
[2018.08.04-10.12.00:193][  0]LogHMD: Failed to initialize OpenVR with code 110
[2018.08.04-10.12.00:195][  0]LogStats: UGameplayTagsManager::ConstructGameplayTagTree: ImportINI prefixes -  0.000 s
[2018.08.04-10.12.00:195][  0]LogStats: UGameplayTagsManager::ConstructGameplayTagTree: Construct from data asset -  0.000 s
[2018.08.04-10.12.00:195][  0]LogStats: UGameplayTagsManager::ConstructGameplayTagTree: ImportINI -  0.000 s
[2018.08.04-10.12.00:195][  0]LogStats: UGameplayTagsManager::ConstructGameplayTagTree: GameplayTagTreeChangedEvent.Broadcast -  0.000 s
[2018.08.04-10.12.00:437][  0]LogInit: Initializing FReadOnlyCVARCache
[2018.08.04-10.12.00:448][  0]LogAIModule: Creating AISystem for world Untitled
[2018.08.04-10.12.00:468][  0]LogInit: XAudio2 using 'Speakers (Realtek High Definition Audio)' : 2 channels at 48 kHz using 32 bits per sample (channel mask 0x3)
[2018.08.04-10.12.00:639][  0]LogInit: FAudioDevice initialized.
[2018.08.04-10.12.00:639][  0]LogNetVersion: Set ProjectVersion to 1.0.0.0. Version Checksum will be recalculated on next use.
[2018.08.04-10.12.00:822][  0]LogDerivedDataCache: Saved boot cache 0.18s 71MB C:/Users/arthy/AppData/Local/UnrealEngine/4.20/DerivedDataCache/Boot.ddc.
[2018.08.04-10.12.00:835][  0]LogInit: Texture streaming: Enabled
[2018.08.04-10.12.00:849][  0]LogEngineSessionManager: EngineSessionManager initialized
[2018.08.04-10.12.00:895][  0]LogInit: Transaction tracking system initialized
[2018.08.04-10.12.00:912][  0]BlueprintLog: New page: Editor Load
[2018.08.04-10.12.01:012][  0]LocalizationService: Localization service is disabled
[2018.08.04-10.12.01:450][  0]LogCook: Display: Max memory allowance for cook 16384mb min free memory 0mb
[2018.08.04-10.12.01:450][  0]LogCook: Display: Mobile HDR setting 1
[2018.08.04-10.12.01:472][  0]LogFileCache: Scanning file cache for directory 'D:/school/Shared Folder/HockeyPrizeFight/client/Content/' took 0.05s
[2018.08.04-10.12.01:472][  0]LogGameplayTags: Display: UGameplayTagsManager::DoneAddingNativeTags. DelegateIsBound: 0
[2018.08.04-10.12.01:472][  0]LogStats: UGameplayTagsManager::ConstructGameplayTagTree: ImportINI prefixes -  0.000 s
[2018.08.04-10.12.01:472][  0]LogStats: UGameplayTagsManager::ConstructGameplayTagTree: Construct from data asset -  0.000 s
[2018.08.04-10.12.01:472][  0]LogStats: UGameplayTagsManager::ConstructGameplayTagTree: ImportINI -  0.000 s
[2018.08.04-10.12.01:472][  0]LogStats: UGameplayTagsManager::ConstructGameplayTagTree: GameplayTagTreeChangedEvent.Broadcast -  0.000 s
[2018.08.04-10.12.01:587][  0]SourceControl: Source control is disabled
[2018.08.04-10.12.01:587][  0]Cmd: MAP LOAD FILE="../../../Engine/Content/Maps/Templates/Template_Default.umap" TEMPLATE=1 SHOWPROGRESS=1 FEATURELEVEL=3
[2018.08.04-10.12.01:588][  0]LightingResults: New page: Lighting Build
[2018.08.04-10.12.01:590][  0]MapCheck: New page: Map Check
[2018.08.04-10.12.01:590][  0]LightingResults: New page: Lighting Build
[2018.08.04-10.12.01:807][  0]LogAIModule: Creating AISystem for world Untitled_1
[2018.08.04-10.12.01:815][  0]LogEditorServer: Finished looking for orphan Actors (0.000 secs)
[2018.08.04-10.12.01:841][  0]Cmd: MAP CHECKDEP NOCLEARLOG
[2018.08.04-10.12.01:902][  0]MapCheck: Map check complete: 0 Error(s), 0 Warning(s), took 61.429ms to complete.
[2018.08.04-10.12.01:902][  0]LogFileHelpers: Loading map 'Template_Default' took 0.315
[2018.08.04-10.12.04:545][  0]LogSlate: Updating window title bar state: overlay mode, drag disabled, window buttons hidden, title bar hidden
[2018.08.04-10.12.04:637][  0]LogSlate: Updating window title bar state: overlay mode, drag disabled, window buttons hidden, title bar hidden
[2018.08.04-10.12.04:644][  0]LogSlate: Updating window title bar state: overlay mode, drag disabled, window buttons hidden, title bar hidden
[2018.08.04-10.12.04:651][  0]LogSlate: Updating window title bar state: overlay mode, drag disabled, window buttons hidden, title bar hidden
[2018.08.04-10.12.04:851][  0]LogCollectionManager: Loaded 0 collections in 0.000842 seconds
[2018.08.04-10.12.05:536][  0]LogFileCache: Scanning file cache for directory 'D:/school/Shared Folder/HockeyPrizeFight/client/Saved/Collections/' took 0.01s
[2018.08.04-10.12.05:536][  0]LogFileCache: Scanning file cache for directory 'D:/school/Shared Folder/HockeyPrizeFight/client/Content/Developers/arthy/Collections/' took 0.01s
[2018.08.04-10.12.05:536][  0]LogFileCache: Scanning file cache for directory 'D:/school/Shared Folder/HockeyPrizeFight/client/Content/Collections/' took 0.01s
[2018.08.04-10.12.05:536][  0]LogCollectionManager: Rebuilt the GUID cache for 0 collections in 0.000000 seconds
[2018.08.04-10.12.05:598][  0]LogContentBrowser: Native class hierarchy populated in 0.0438 seconds. Added 2573 classes and 605 folders.
[2018.08.04-10.12.05:897][  0]LogContentBrowser: Native class hierarchy updated for 'WidgetCarousel' in 0.0005 seconds. Added 0 classes and 0 folders.
[2018.08.04-10.12.08:134][  0]LogContentBrowser: Native class hierarchy updated for 'AddContentDialog' in 0.0005 seconds. Added 0 classes and 0 folders.
[2018.08.04-10.12.08:214][  0]LogContentBrowser: Native class hierarchy updated for 'SceneOutliner' in 0.0004 seconds. Added 1 classes and 2 folders.
[2018.08.04-10.12.08:955][  0]LogSlate: Took 0.000475 seconds to synchronously load lazily loaded font '../../../Engine/Content/Slate/Fonts/Roboto-Regular.ttf' (155K)
[2018.08.04-10.12.08:958][  0]LogSlate: Took 0.000219 seconds to synchronously load lazily loaded font '../../../Engine/Content/Slate/Fonts/Roboto-Bold.ttf' (160K)
[2018.08.04-10.12.09:023][  0]LogSlate: Took 0.015129 seconds to synchronously load lazily loaded font '../../../Engine/Content/Editor/Slate/Fonts/FontAwesome.ttf' (139K)
[2018.08.04-10.12.09:520][  0]LogRenderer: Reallocating scene render targets to support 964x440 Format 10 NumSamples 1 (Frame:1).
[2018.08.04-10.12.10:218][  0]LogContentBrowser: Native class hierarchy updated for 'HierarchicalLODOutliner' in 0.0005 seconds. Added 0 classes and 0 folders.
[2018.08.04-10.12.10:218][  0]LogLoad: (Engine Initialization) Total time: 18.55 seconds
[2018.08.04-10.12.10:218][  0]LogLoad: (Engine Initialization) Total Blueprint compile time: 0.00 seconds
[2018.08.04-10.12.10:314][  0]LogContentStreaming: Texture pool size now 3000 MB
[2018.08.04-10.12.10:402][  1]LogAssetRegistry: Asset discovery search completed in 13.1816 seconds
[2018.08.04-10.12.10:404][  1]LogCollectionManager: Rebuilt the object cache for 0 collections in 0.000000 seconds (found 0 objects)
[2018.08.04-10.12.10:404][  1]LogCollectionManager: Fixed up redirectors for 0 collections in 0.000046 seconds (updated 0 objects)
[2018.08.04-10.13.06:831][411]LogSlate: FSceneViewport::OnFocusLost() reason 2
[2018.08.04-10.13.09:662][571]LogSlate: Took 0.015273 seconds to synchronously load lazily loaded font '../../../Engine/Content/Slate/Fonts/Roboto-Light.ttf' (167K)
[2018.08.04-10.13.09:675][571]LogSlate: FSceneViewport::OnFocusLost() reason 2
[2018.08.04-10.13.09:736][571]LogSlate: FSceneViewport::OnFocusLost() reason 2
[2018.08.04-10.13.09:781][571]LogSlate: Took 0.033365 seconds to synchronously load lazily loaded font '../../../Engine/Content/Slate/Fonts/Roboto-BoldCondensed.ttf' (158K)
[2018.08.04-10.14.07:789][ 81]Running D:/Apps/Epic Games/UE_4.20/Engine/Binaries/DotNET/UnrealBuildTool.exe Win64 Development -TargetType=Editor -Project="D:/school/Shared Folder/HockeyPrizeFight/client/client.uproject" -invalidatemakefilesonly
[2018.08.04-10.14.09:405][ 81]Invalidating makefiles only in this run.
[2018.08.04-10.14.09:684][ 81]Candidate modules for hot reload:
[2018.08.04-10.14.09:684][ 81]  client
[2018.08.04-10.14.09:684][ 81]Launching UnrealBuildTool... [D:/Apps/Epic Games/UE_4.20/Engine/Binaries/DotNET/UnrealBuildTool.exe  -ModuleWithSuffix=client,1956 Win64 Development -TargetType=Editor -Project="../../../../../../school/Shared Folder/HockeyPrizeFight/client/client.uproject" -canskiplink "D:/school/Shared Folder/HockeyPrizeFight/client/client.uproject" ]
[2018.08.04-10.15.42:985][ 81]CompilerResultsLog: New page: Compilation - Aug 4, 2018, 2:15:42 PM
[2018.08.04-10.15.42:985][ 81]CompilerResultsLog: Using 'git status' to determine working set for adaptive non-unity build.
[2018.08.04-10.15.42:985][ 81]CompilerResultsLog: Creating makefile for hot reloading clientEditor (no existing makefile)
[2018.08.04-10.15.42:985][ 81]CompilerResultsLog: Compiling game modules for hot reload
[2018.08.04-10.15.42:985][ 81]CompilerResultsLog: Using Visual Studio 2017 14.13.26128 toolchain (C:\Program Files (x86)\Microsoft Visual Studio\2017\Community\VC\Tools\MSVC\14.13.26128) and Windows 10.0.16299.0 SDK (C:\Program Files (x86)\Windows Kits\10).
[2018.08.04-10.15.42:985][ 81]CompilerResultsLog: Building 4 actions with 8 processes...
[2018.08.04-10.15.42:985][ 81]CompilerResultsLog:   AHUD.cpp
[2018.08.04-10.15.42:985][ 81]CompilerResultsLog:   TCPClient.cpp
[2018.08.04-10.15.42:985][ 81]CompilerResultsLog:   UE4Editor-client-1956.lib
[2018.08.04-10.15.42:985][ 81]CompilerResultsLog:   CVTRES : fatal error CVT1107: 'D:\school\Shared Folder\HockeyPrizeFight\client\Intermediate\Build\Win64\clientEditor\Development\Engine\SharedPCH.Engine.h.obj' is corrupt
[2018.08.04-10.15.42:985][ 81]CompilerResultsLog: Error:   D:\school\Shared Folder\HockeyPrizeFight\client\Intermediate\Build\Win64\clientEditor\Development\Engine\SharedPCH.Engine.h.obj : fatal error LNK1123: failure during conversion to COFF: file invalid or corrupt
[2018.08.04-10.15.42:985][ 81]CompilerResultsLog:   UE4Editor-client-1956.dll
[2018.08.04-10.15.42:985][ 81]CompilerResultsLog:      Creating library D:\school\Shared Folder\HockeyPrizeFight\client\Intermediate\Build\Win64\UE4Editor\Development\client\UE4Editor-client-1956.suppressed.lib and object D:\school\Shared Folder\HockeyPrizeFight\client\Intermediate\Build\Win64\UE4Editor\Development\client\UE4Editor-client-1956.suppressed.exp
[2018.08.04-10.15.42:985][ 81]CompilerResultsLog:   CVTRES : fatal error CVT1107: 'D:\school\Shared Folder\HockeyPrizeFight\client\Intermediate\Build\Win64\clientEditor\Development\Engine\SharedPCH.Engine.h.obj' is corrupt
[2018.08.04-10.15.42:985][ 81]CompilerResultsLog: Error:   LINK : fatal error LNK1123: failure during conversion to COFF: file invalid or corrupt
[2018.08.04-10.15.42:985][ 81]CompilerResultsLog: ERROR: UBT ERROR: Failed to produce item: D:\school\Shared Folder\HockeyPrizeFight\client\Binaries\Win64\UE4Editor-client-1956.dll
[2018.08.04-10.15.42:985][ 81]CompilerResultsLog:        (see ../Programs/UnrealBuildTool/Log.txt for full exception trace)
[2018.08.04-10.15.42:985][ 81]CompilerResultsLog: Total build time: 92.90 seconds (Parallel executor: 0.00 seconds)
[2018.08.04-10.15.42:994][ 81]LogMainFrame: MainFrame: Module compiling took 93.393 seconds
[2018.08.04-10.15.43:017][ 81]Warning: HotReload failed, recompile failed
[2018.08.04-10.15.43:025][ 81]Warning: RebindPackages failed because compilation failed.
[2018.08.04-10.15.57:053][ 81]LogSlate: Window 'Message' being destroyed
[2018.08.04-10.15.57:065][ 81]LogSlate: FSceneViewport::OnFocusLost() reason 2
[2018.08.04-10.15.57:106][ 81]LogSlate: Window 'Add C++ Class' being destroyed
[2018.08.04-10.15.57:179][ 81]LogHotReload: New module detected: UE4Editor-client-1956.dll
[2018.08.04-10.15.57:412][ 81]LogSlate: Took 0.033742 seconds to synchronously load lazily loaded font '../../../Engine/Content/Slate/Fonts/DroidSansMono.ttf' (77K)
[2018.08.04-10.16.51:238][922]LogTemp: Executing iPhonePackager certificates Engine -bundlename com.YourCompany.client
[2018.08.04-10.16.51:238][922]LogTemp: CWD: D:\Apps\Epic Games\UE_4.20\Engine\Binaries\DotNET\IOS
[2018.08.04-10.16.51:238][922]LogTemp: Initial Dir: D:\Apps\Epic Games\UE_4.20
[2018.08.04-10.16.51:238][922]LogTemp: Env CWD: D:\Apps\Epic Games\UE_4.20\Engine\Binaries\DotNET\IOS
[2018.08.04-10.16.51:239][922]LogTemp: BranchPath = DESKTOP-C257HNA/D/Apps/Epic Games/UE_4.20/Engine/Binaries --- GameBranchPath = DESKTOP-C257HNA/D/Apps/Epic Games/UE_4.20/Engine/Binaries
[2018.08.04-10.16.51:239][922]LogTemp: IPP ERROR: Could not find provision directory 'C:\Users\arthy\AppData\Local/Apple Computer/MobileDevice/Provisioning Profiles/'.
[2018.08.04-10.16.51:239][922]LogSlate: Only BGRA pngs, bmps or icos are supported in by External Image Picker
[2018.08.04-10.17.28:562][523]LogSlate: Window 'Project Settings' being destroyed
[2018.08.04-10.17.28:573][523]LogSlate: Window 'Project Settings' being destroyed
[2018.08.04-10.19.54:675][422]LogSlate: Window 'Editor Preferences' being destroyed
[2018.08.04-10.24.19:737][880]LogSlate: Window 'Output Log' being destroyed
[2018.08.04-10.24.19:744][880]LogSlate: Window 'Output Log' being destroyed
[2018.08.04-10.38.05:641][613]LogEditorViewport: Clicking on Actor (LMB): StaticMeshActor (Floor)
[2018.08.04-10.38.10:477][ 52]LogSlate: FSceneViewport::OnFocusLost() reason 2
[2018.08.04-10.38.14:133][294]LogSlate: FSceneViewport::OnFocusLost() reason 2
[2018.08.04-10.40.03:460][500]LogGameProjectGeneration: Verbose: 'D:/Apps/Epic Games/UE_4.20/Templates/TP_VehicleAdvBP/Media/TP_VehicleAdvBP.png': Skipping as it is in an ignored folder 'Media'
[2018.08.04-10.40.03:460][500]LogGameProjectGeneration: Verbose: 'D:/Apps/Epic Games/UE_4.20/Templates/TP_VehicleAdvBP/Media/TP_VehicleAdvBP_Preview.png': Skipping as it is in an ignored folder 'Media'
[2018.08.04-10.40.04:813][500]LogSlate: Window 'New Project' being destroyed
[2018.08.04-10.40.04:825][501]Cmd: CLOSE_SLATE_MAINFRAME
[2018.08.04-10.40.05:111][501]LogSlate: Window 'client - Unreal Editor' being destroyed
[2018.08.04-10.40.05:112][501]LogWindowsTextInputMethodSystem: Display: IME system now deactivated.
[2018.08.04-10.40.05:800][502]Cmd: QUIT_EDITOR
[2018.08.04-10.40.07:592][502]LogExit: Preparing to exit.
[2018.08.04-10.40.09:671][502]LogExit: Editor shut down
[2018.08.04-10.40.09:672][502]LogExit: Transaction tracking system shut down
[2018.08.04-10.40.13:632][502]LogExit: Object subsystem successfully closed.
[2018.08.04-10.40.13:965][502]LogShaderCompilers: Display: Shaders left to compile 0
[2018.08.04-10.40.14:007][502]LogD3D11RHI: Shutdown
[2018.08.04-10.40.14:007][502]LogD3D11RHI: CleanupD3DDevice
[2018.08.04-10.40.14:071][502]LogD3D11RHI: ~FD3D11DynamicRHI
[2018.08.04-10.40.15:581][502]LogModuleManager: Shutting down and abandoning module ExternalImagePicker (616)
[2018.08.04-10.40.15:581][502]LogModuleManager: Shutting down and abandoning module HierarchicalLODOutliner (614)
[2018.08.04-10.40.15:581][502]LogModuleManager: Shutting down and abandoning module SceneOutliner (612)
[2018.08.04-10.40.15:597][502]LogModuleManager: Shutting down and abandoning module AddContentDialog (610)
[2018.08.04-10.40.15:597][502]LogModuleManager: Shutting down and abandoning module WidgetCarousel (609)
[2018.08.04-10.40.15:597][502]LogModuleManager: Shutting down and abandoning module EditorWidgets (606)
[2018.08.04-10.40.15:597][502]LogModuleManager: Shutting down and abandoning module CollectionManager (604)
[2018.08.04-10.40.15:610][502]LogModuleManager: Shutting down and abandoning module HierarchicalLODUtilities (602)
[2018.08.04-10.40.15:624][502]LogModuleManager: Shutting down and abandoning module StatsViewer (600)
[2018.08.04-10.40.15:638][502]LogModuleManager: Shutting down and abandoning module FoliageEdit (598)
[2018.08.04-10.40.15:650][502]LogModuleManager: Shutting down and abandoning module LandscapeEditor (596)
[2018.08.04-10.40.15:684][502]LogModuleManager: Shutting down and abandoning module MeshPaintMode (594)
[2018.08.04-10.40.15:693][502]LogModuleManager: Shutting down and abandoning module SceneDepthPickerMode (592)
[2018.08.04-10.40.15:693][502]LogModuleManager: Shutting down and abandoning module ActorPickerMode (590)
[2018.08.04-10.40.15:693][502]LogModuleManager: Shutting down and abandoning module GeometryMode (588)
[2018.08.04-10.40.15:693][502]LogModuleManager: Shutting down and abandoning module TextureAlignMode (586)
[2018.08.04-10.40.15:693][502]LogModuleManager: Shutting down and abandoning module BspMode (584)
[2018.08.04-10.40.15:693][502]LogModuleManager: Shutting down and abandoning module PIEPreviewDeviceProfileSelector (582)
[2018.08.04-10.40.15:706][502]LogModuleManager: Shutting down and abandoning module SequenceRecorderSections (580)
[2018.08.04-10.40.15:725][502]LogModuleManager: Shutting down and abandoning module AutomationWorker (578)
[2018.08.04-10.40.15:725][502]LogModuleManager: Shutting down and abandoning module AudioCaptureEditor (576)
[2018.08.04-10.40.15:725][502]LogModuleManager: Shutting down and abandoning module SequenceRecorder (575)
[2018.08.04-10.40.15:741][502]LogModuleManager: Shutting down and abandoning module MatineeToLevelSequence (572)
[2018.08.04-10.40.15:759][502]LogModuleManager: Shutting down and abandoning module LevelSequenceEditor (570)
[2018.08.04-10.40.15:801][502]LogModuleManager: Shutting down and abandoning module PlacementMode (569)
[2018.08.04-10.40.15:802][502]LogModuleManager: Shutting down and abandoning module MaterialEditor (568)
[2018.08.04-10.40.15:861][502]LogModuleManager: Shutting down and abandoning module WmfMediaFactory (564)
[2018.08.04-10.40.15:861][502]LogModuleManager: Shutting down and abandoning module WmfMediaEditor (562)
[2018.08.04-10.40.15:861][502]LogModuleManager: Shutting down and abandoning module MediaPlayerEditor (560)
[2018.08.04-10.40.15:895][502]LogModuleManager: Shutting down and abandoning module OpenExrWrapper (558)
[2018.08.04-10.40.15:895][502]LogModuleManager: Shutting down and abandoning module ImgMediaFactory (556)
[2018.08.04-10.40.15:895][502]LogModuleManager: Shutting down and abandoning module ImgMediaEditor (554)
[2018.08.04-10.40.15:895][502]LogModuleManager: Shutting down and abandoning module AvfMediaFactory (552)
[2018.08.04-10.40.15:895][502]LogModuleManager: Shutting down and abandoning module AvfMediaEditor (550)
[2018.08.04-10.40.15:895][502]LogModuleManager: Shutting down and abandoning module AndroidMediaFactory (548)
[2018.08.04-10.40.15:895][502]LogModuleManager: Shutting down and abandoning module AndroidMediaEditor (546)
[2018.08.04-10.40.15:895][502]LogModuleManager: Shutting down and abandoning module MagicLeapCameraPreviewFactory (544)
[2018.08.04-10.40.15:895][502]LogModuleManager: Shutting down and abandoning module MagicLeapMediaFactory (542)
[2018.08.04-10.40.15:895][502]LogModuleManager: Shutting down and abandoning module MagicLeapMediaEditor (540)
[2018.08.04-10.40.15:895][502]LogModuleManager: Shutting down and abandoning module CharacterAI (538)
[2018.08.04-10.40.15:895][502]LogModuleManager: Shutting down and abandoning module SmartSnapping (536)
[2018.08.04-10.40.15:895][502]LogModuleManager: Shutting down and abandoning module SessionServices (534)
[2018.08.04-10.40.15:895][502]LogModuleManager: Shutting down and abandoning module ViewportSnapping (532)
[2018.08.04-10.40.15:895][502]LogModuleManager: Shutting down and abandoning module ViewportInteraction (530)
[2018.08.04-10.40.15:895][502]LogModuleManager: Shutting down and abandoning module ClothPainter (528)
[2018.08.04-10.40.15:930][502]LogModuleManager: Shutting down and abandoning module SkeletalMeshEditor (527)
[2018.08.04-10.40.15:955][502]LogModuleManager: Shutting down and abandoning module LogVisualizer (524)
[2018.08.04-10.40.15:977][502]LogModuleManager: Shutting down and abandoning module IntroTutorials (522)
[2018.08.04-10.40.16:007][502]LogModuleManager: Shutting down and abandoning module GameProjectGeneration (521)
[2018.08.04-10.40.16:007][502]LogModuleManager: Shutting down and abandoning module LuminPlatformEditor (518)
[2018.08.04-10.40.16:007][502]LogModuleManager: Shutting down and abandoning module IOSPlatformEditor (516)
[2018.08.04-10.40.16:007][502]LogModuleManager: Shutting down and abandoning module HTML5PlatformEditor (514)
[2018.08.04-10.40.16:007][502]LogModuleManager: Shutting down and abandoning module AndroidPlatformEditor (512)
[2018.08.04-10.40.16:007][502]LogModuleManager: Shutting down and abandoning module AndroidDeviceDetection (511)
[2018.08.04-10.40.16:963][502]LogModuleManager: Shutting down and abandoning module WindowsPlatformEditor (508)
[2018.08.04-10.40.16:963][502]LogModuleManager: Shutting down and abandoning module LuminRuntimeSettings (506)
[2018.08.04-10.40.16:963][502]LogModuleManager: Shutting down and abandoning module IOSRuntimeSettings (504)
[2018.08.04-10.40.16:963][502]LogModuleManager: Shutting down and abandoning module AndroidRuntimeSettings (502)
[2018.08.04-10.40.16:963][502]LogModuleManager: Shutting down and abandoning module InputBindingEditor (500)
[2018.08.04-10.40.16:963][502]LogModuleManager: Shutting down and abandoning module MergeActors (498)
[2018.08.04-10.40.17:006][502]LogModuleManager: Shutting down and abandoning module LocalizationDashboard (496)
[2018.08.04-10.40.17:016][502]LogModuleManager: Shutting down and abandoning module LocalizationService (495)
[2018.08.04-10.40.17:029][502]LogModuleManager: Shutting down and abandoning module HardwareTargeting (492)
[2018.08.04-10.40.17:029][502]LogModuleManager: Shutting down and abandoning module DeviceProfileEditor (490)
[2018.08.04-10.40.17:029][502]LogModuleManager: Shutting down and abandoning module UndoHistory (488)
[2018.08.04-10.40.17:039][502]LogModuleManager: Shutting down and abandoning module XmlParser (486)
[2018.08.04-10.40.17:039][502]LogModuleManager: Shutting down and abandoning module Blutility (484)
[2018.08.04-10.40.17:057][502]LogModuleManager: Shutting down and abandoning module ProjectSettingsViewer (482)
[2018.08.04-10.40.17:057][502]LogModuleManager: Shutting down and abandoning module ProjectTargetPlatformEditor (481)
[2018.08.04-10.40.17:057][502]LogModuleManager: Shutting down and abandoning module EditorSettingsViewer (478)
[2018.08.04-10.40.17:057][502]LogModuleManager: Shutting down and abandoning module SettingsEditor (476)
[2018.08.04-10.40.17:096][502]LogModuleManager: Shutting down and abandoning module ProjectLauncher (474)
[2018.08.04-10.40.17:121][502]LogModuleManager: Shutting down and abandoning module SessionFrontend (472)
[2018.08.04-10.40.17:132][502]LogModuleManager: Shutting down and abandoning module ProfilerClient (470)
[2018.08.04-10.40.17:144][502]LogModuleManager: Shutting down and abandoning module DeviceManager (468)
[2018.08.04-10.40.17:160][502]LogModuleManager: Shutting down and abandoning module TargetDeviceServices (467)
[2018.08.04-10.40.17:215][502]LogModuleManager: Shutting down and abandoning module AutomationController (464)
[2018.08.04-10.40.17:256][502]LogModuleManager: Shutting down and abandoning module AutomationWindow (462)
[2018.08.04-10.40.17:282][502]LogModuleManager: Shutting down and abandoning module Layers (460)
[2018.08.04-10.40.17:336][502]LogModuleManager: Shutting down and abandoning module ComponentVisualizers (458)
[2018.08.04-10.40.17:336][502]LogModuleManager: Shutting down and abandoning module DetailCustomizations (456)
[2018.08.04-10.40.17:346][502]LogModuleManager: Shutting down and abandoning module PackagesDialog (454)
[2018.08.04-10.40.17:355][502]LogModuleManager: Shutting down and abandoning module Persona (452)
[2018.08.04-10.40.17:422][502]LogModuleManager: Shutting down and abandoning module AdvancedPreviewScene (451)
[2018.08.04-10.40.17:422][502]LogModuleManager: Shutting down and abandoning module AnimGraph (449)
[2018.08.04-10.40.17:444][502]LogModuleManager: Shutting down and abandoning module Kismet (446)
[2018.08.04-10.40.17:500][502]LogModuleManager: Shutting down and abandoning module GraphEditor (444)
[2018.08.04-10.40.17:547][502]LogModuleManager: Shutting down and abandoning module ClassViewer (442)
[2018.08.04-10.40.17:547][502]LogModuleManager: Shutting down and abandoning module Toolbox (440)
[2018.08.04-10.40.17:547][502]LogModuleManager: Shutting down and abandoning module DesktopPlatform (439)
[2018.08.04-10.40.17:547][502]LogModuleManager: Shutting down and abandoning module ModuleUI (436)
[2018.08.04-10.40.17:558][502]LogModuleManager: Shutting down and abandoning module MovieSceneTools (434)
[2018.08.04-10.40.17:595][502]LogModuleManager: Shutting down and abandoning module OutputLog (432)
[2018.08.04-10.40.17:595][502]LogModuleManager: Shutting down and abandoning module GammaUI (430)
[2018.08.04-10.40.17:620][502]LogModuleManager: Shutting down and abandoning module Documentation (428)
[2018.08.04-10.40.17:620][502]LogModuleManager: Shutting down and abandoning module MovieSceneTracks (426)
[2018.08.04-10.40.17:620][502]LogModuleManager: Shutting down and abandoning module MovieScene (424)
[2018.08.04-10.40.17:627][502]LogModuleManager: Shutting down and abandoning module StreamingPauseRendering (422)
[2018.08.04-10.40.17:650][502]LogModuleManager: Shutting down and abandoning module LauncherPlatform (420)
[2018.08.04-10.40.17:650][502]LogModuleManager: Shutting down and abandoning module AnalyticsET (418)
[2018.08.04-10.40.17:650][502]LogModuleManager: Shutting down and abandoning module PortalServices (416)
[2018.08.04-10.40.17:650][502]LogModuleManager: Shutting down and abandoning module PortalRpc (414)
[2018.08.04-10.40.17:650][502]LogModuleManager: Shutting down and abandoning module MessagingRpc (412)
[2018.08.04-10.40.17:650][502]LogModuleManager: Shutting down and abandoning module AIModule (410)
[2018.08.04-10.40.17:672][502]LogModuleManager: Shutting down and abandoning module GameplayDebugger (409)
[2018.08.04-10.40.17:696][502]LogModuleManager: Shutting down and abandoning module AITestSuite (407)
[2018.08.04-10.40.17:716][502]LogModuleManager: Shutting down and abandoning module NavigationSystem (405)
[2018.08.04-10.40.17:716][502]LogModuleManager: Shutting down and abandoning module ProfilerService (402)
[2018.08.04-10.40.17:799][502]LogModuleManager: Shutting down and abandoning module TaskGraph (400)
[2018.08.04-10.40.17:816][502]LogModuleManager: Shutting down and abandoning module SteamVRController (398)
[2018.08.04-10.40.17:816][502]LogModuleManager: Shutting down and abandoning module ProceduralMeshComponentEditor (396)
[2018.08.04-10.40.17:816][502]LogModuleManager: Shutting down and abandoning module ProceduralMeshComponent (394)
[2018.08.04-10.40.17:840][502]LogModuleManager: Shutting down and abandoning module OculusInput (392)
[2018.08.04-10.40.17:840][502]LogModuleManager: Shutting down and abandoning module MobilePatchingUtils (390)
[2018.08.04-10.40.17:840][502]LogModuleManager: Shutting down and abandoning module EditableMesh (388)
[2018.08.04-10.40.17:862][502]LogModuleManager: Shutting down and abandoning module CustomMeshComponent (386)
[2018.08.04-10.40.17:862][502]LogModuleManager: Shutting down and abandoning module CableComponent (384)
[2018.08.04-10.40.17:862][502]LogModuleManager: Shutting down and abandoning module AudioCapture (382)
[2018.08.04-10.40.17:862][502]LogModuleManager: Shutting down and abandoning module ArchVisCharacter (380)
[2018.08.04-10.40.17:862][502]LogModuleManager: Shutting down and abandoning module AndroidPermission (378)
[2018.08.04-10.40.17:862][502]LogModuleManager: Shutting down and abandoning module NUTUnrealEngine4 (376)
[2018.08.04-10.40.17:862][502]LogModuleManager: Shutting down and abandoning module NetcodeUnitTest (374)
[2018.08.04-10.40.17:911][502]LogModuleManager: Shutting down and abandoning module MediaCompositingEditor (372)
[2018.08.04-10.40.17:911][502]LogModuleManager: Shutting down and abandoning module MediaCompositing (370)
[2018.08.04-10.40.17:911][502]LogModuleManager: Shutting down and abandoning module LinearTimecode (368)
[2018.08.04-10.40.17:911][502]LogModuleManager: Shutting down and abandoning module ImgMedia (366)
[2018.08.04-10.40.17:940][502]LogModuleManager: Shutting down and abandoning module HTML5Networking (364)
[2018.08.04-10.40.17:940][502]LogModuleManager: Shutting down and abandoning module GeometryCacheTracks (362)
[2018.08.04-10.40.17:940][502]LogModuleManager: Shutting down and abandoning module GeometryCacheSequencer (360)
[2018.08.04-10.40.17:940][502]LogModuleManager: Shutting down and abandoning module BackChannel (358)
[2018.08.04-10.40.17:952][502]LogModuleManager: Shutting down and abandoning module AppleVision (356)
[2018.08.04-10.40.17:952][502]LogModuleManager: Shutting down and abandoning module AppleImageUtils (354)
[2018.08.04-10.40.17:952][502]LogModuleManager: Shutting down and abandoning module AlembicImporter (352)
[2018.08.04-10.40.17:952][502]LogModuleManager: Shutting down and abandoning module AlembicLibrary (351)
[2018.08.04-10.40.17:953][502]LogModuleManager: Shutting down and abandoning module GeometryCache (350)
[2018.08.04-10.40.17:953][502]LogModuleManager: Shutting down and abandoning module GeometryCacheEd (349)
[2018.08.04-10.40.17:953][502]LogModuleManager: Shutting down and abandoning module DatasmithContentEditor (344)
[2018.08.04-10.40.17:968][502]LogModuleManager: Shutting down and abandoning module DatasmithContent (342)
[2018.08.04-10.40.17:968][502]LogModuleManager: Shutting down and abandoning module SpeedTreeImporter (340)
[2018.08.04-10.40.17:968][502]LogModuleManager: Shutting down and abandoning module PluginBrowser (338)
[2018.08.04-10.40.18:005][502]LogModuleManager: Shutting down and abandoning module MobileLauncherProfileWizard (336)
[2018.08.04-10.40.18:015][502]LogModuleManager: Shutting down and abandoning module PolygonModeling (334)
[2018.08.04-10.40.18:015][502]LogModuleManager: Shutting down and abandoning module MeshEditor (332)
[2018.08.04-10.40.18:024][502]LogModuleManager: Shutting down and abandoning module CryptoKeysOpenSSL (330)
[2018.08.04-10.40.18:044][502]LogModuleManager: Shutting down and abandoning module CryptoKeys (328)
[2018.08.04-10.40.18:044][502]LogModuleManager: Shutting down and abandoning module VisualStudioSourceCodeAccess (326)
[2018.08.04-10.40.18:044][502]LogModuleManager: Shutting down and abandoning module VisualStudioCodeSourceCodeAccess (324)
[2018.08.04-10.40.18:044][502]LogModuleManager: Shutting down and abandoning module UObjectPlugin (322)
[2018.08.04-10.40.18:044][502]LogModuleManager: Shutting down and abandoning module SubversionSourceControl (320)
[2018.08.04-10.40.18:055][502]LogModuleManager: Shutting down and abandoning module PerforceSourceControl (318)
[2018.08.04-10.40.18:076][502]LogModuleManager: Shutting down and abandoning module GitSourceControl (316)
[2018.08.04-10.40.18:124][502]LogModuleManager: Shutting down and abandoning module SourceControl (315)
[2018.08.04-10.40.18:143][502]LogModuleManager: Shutting down and abandoning module CLionSourceCodeAccess (312)
[2018.08.04-10.40.18:143][502]LogModuleManager: Shutting down and abandoning module LightPropagationVolumeEditor (310)
[2018.08.04-10.40.18:143][502]LogModuleManager: Shutting down and abandoning module PaperTiledImporter (308)
[2018.08.04-10.40.18:143][502]LogModuleManager: Shutting down and abandoning module PaperSpriteSheetImporter (306)
[2018.08.04-10.40.18:143][502]LogModuleManager: Shutting down and abandoning module Paper2DEditor (304)
[2018.08.04-10.40.18:232][502]LogModuleManager: Shutting down and abandoning module MeshPaint (303)
[2018.08.04-10.40.18:243][502]LogModuleManager: Shutting down and abandoning module client (300)
[2018.08.04-10.40.18:244][502]LogModuleManager: Shutting down and abandoning module RuntimePhysXCooking (298)
[2018.08.04-10.40.18:244][502]LogModuleManager: Shutting down and abandoning module PhysXVehiclesEditor (296)
[2018.08.04-10.40.18:244][502]LogModuleManager: Shutting down and abandoning module PhysXVehicles (294)
[2018.08.04-10.40.18:244][502]LogModuleManager: Shutting down and abandoning module OculusEditor (292)
[2018.08.04-10.40.18:270][502]LogModuleManager: Shutting down and abandoning module LocationServicesBPLibrary (290)
[2018.08.04-10.40.18:270][502]LogModuleManager: Shutting down and abandoning module ImmediatePhysicsEditor (288)
[2018.08.04-10.40.18:270][502]LogModuleManager: Shutting down and abandoning module ImmediatePhysics (286)
[2018.08.04-10.40.18:799][502]LogModuleManager: Shutting down and abandoning module ActorSequence (284)
[2018.08.04-10.40.18:800][502]LogModuleManager: Shutting down and abandoning module UdpMessaging (282)
[2018.08.04-10.40.18:900][502]LogModuleManager: Shutting down and abandoning module TcpMessaging (280)
[2018.08.04-10.40.19:256][502]LogModuleManager: Shutting down and abandoning module MagicLeapAudio (278)
[2018.08.04-10.40.19:256][502]LogModuleManager: Shutting down and abandoning module GameplayTagsEditor (276)
[2018.08.04-10.40.19:271][502]LogModuleManager: Shutting down and abandoning module FacialAnimationEditor (274)
[2018.08.04-10.40.19:272][502]LogModuleManager: Shutting down and abandoning module FacialAnimation (272)
[2018.08.04-10.40.19:272][502]LogModuleManager: Shutting down and abandoning module DataValidation (270)
[2018.08.04-10.40.19:272][502]LogModuleManager: Shutting down and abandoning module AssetManagerEditor (268)
[2018.08.04-10.40.19:311][502]LogModuleManager: Shutting down and abandoning module LevelEditor (267)
[2018.08.04-10.40.19:322][502]LogModuleManager: Shutting down and abandoning module PixelInspectorModule (266)
[2018.08.04-10.40.19:336][502]LogModuleManager: Shutting down and abandoning module CommonMenuExtensions (264)
[2018.08.04-10.40.19:336][502]LogModuleManager: Shutting down and abandoning module MainFrame (262)
[2018.08.04-10.40.19:337][502]LogModuleManager: Shutting down and abandoning module HotReload (261)
[2018.08.04-10.40.19:345][502]LogModuleManager: Shutting down and abandoning module ContentBrowser (257)
[2018.08.04-10.40.19:360][502]LogModuleManager: Shutting down and abandoning module TreeMap (255)
[2018.08.04-10.40.19:366][502]LogModuleManager: Shutting down and abandoning module LightPropagationVolumeRuntime (252)
[2018.08.04-10.40.19:366][502]LogModuleManager: Shutting down and abandoning module AISupportModule (250)
[2018.08.04-10.40.19:366][502]LogModuleManager: Shutting down and abandoning module Paper2D (248)
[2018.08.04-10.40.19:376][502]LogModuleManager: Shutting down and abandoning module WindowsMoviePlayer (246)
[2018.08.04-10.40.19:386][502]LogModuleManager: Shutting down and abandoning module WmfMedia (244)
[2018.08.04-10.40.19:396][502]LogModuleManager: Shutting down and abandoning module Media (243)
[2018.08.04-10.40.19:403][502]LogModuleManager: Shutting down and abandoning module PacketHandler (240)
[2018.08.04-10.40.19:403][502]LogModuleManager: Shutting down and abandoning module ClothingSystemEditor (238)
[2018.08.04-10.40.19:403][502]LogModuleManager: Shutting down and abandoning module ClothingSystemRuntime (236)
[2018.08.04-10.40.19:416][502]LogModuleManager: Shutting down and abandoning module MediaAssets (234)
[2018.08.04-10.40.19:417][502]LogModuleManager: Shutting down and abandoning module Overlay (232)
[2018.08.04-10.40.19:417][502]LogModuleManager: Shutting down and abandoning module OverlayEditor (231)
[2018.08.04-10.40.19:417][502]LogModuleManager: Shutting down and abandoning module VREditor (228)
[2018.08.04-10.40.19:423][502]LogModuleManager: Shutting down and abandoning module StringTableEditor (226)
[2018.08.04-10.40.19:434][502]LogModuleManager: Shutting down and abandoning module GameplayTasksEditor (224)
[2018.08.04-10.40.19:434][502]LogModuleManager: Shutting down and abandoning module BehaviorTreeEditor (222)
[2018.08.04-10.40.19:484][502]LogModuleManager: Shutting down and abandoning module FunctionalTesting (220)
[2018.08.04-10.40.19:492][502]LogModuleManager: Shutting down and abandoning module CollisionAnalyzer (218)
[2018.08.04-10.40.19:532][502]LogModuleManager: Shutting down and abandoning module WorkspaceMenuStructure (217)
[2018.08.04-10.40.19:532][502]LogModuleManager: Shutting down and abandoning module UMG (214)
[2018.08.04-10.40.19:549][502]LogModuleManager: Shutting down and abandoning module UMGEditor (213)
[2018.08.04-10.40.19:623][502]LogModuleManager: Shutting down and abandoning module Sequencer (212)
[2018.08.04-10.40.19:719][502]LogModuleManager: Shutting down and abandoning module MessageLog (209)
[2018.08.04-10.40.19:719][502]LogModuleManager: Shutting down and abandoning module SlateReflector (204)
[2018.08.04-10.40.19:772][502]LogModuleManager: Shutting down and abandoning module Slate (202)
[2018.08.04-10.40.19:773][502]LogModuleManager: Shutting down and abandoning module EditorStyle (200)
[2018.08.04-10.40.19:774][502]LogModuleManager: Shutting down and abandoning module MRMesh (198)
[2018.08.04-10.40.19:796][502]LogModuleManager: Shutting down and abandoning module SourceCodeAccess (196)
[2018.08.04-10.40.19:796][502]LogModuleManager: Shutting down and abandoning module HeadMountedDisplay (194)
[2018.08.04-10.40.19:796][502]LogModuleManager: Shutting down and abandoning module XAudio2 (192)
[2018.08.04-10.40.19:796][502]LogModuleManager: Shutting down and abandoning module Networking (190)
[2018.08.04-10.40.19:796][502]LogModuleManager: Shutting down and abandoning module Core (188)
[2018.08.04-10.40.19:796][502]LogModuleManager: Shutting down and abandoning module LevelSequence (186)
[2018.08.04-10.40.19:796][502]LogModuleManager: Shutting down and abandoning module KismetCompiler (184)
[2018.08.04-10.40.19:796][502]LogModuleManager: Shutting down and abandoning module MeshUtilities (182)
[2018.08.04-10.40.19:841][502]LogModuleManager: Shutting down and abandoning module MeshMergeUtilities (181)
[2018.08.04-10.40.19:888][502]LogModuleManager: Shutting down and abandoning module MeshReductionInterface (180)
[2018.08.04-10.40.19:888][502]LogModuleManager: Shutting down and abandoning module SimplygonSwarm (179)
[2018.08.04-10.40.19:917][502]LogModuleManager: Shutting down and abandoning module ProxyLODMeshReduction (177)
[2018.08.04-10.40.19:938][502]LogModuleManager: Shutting down and abandoning module SimplygonMeshReduction (175)
[2018.08.04-10.40.19:938][502]LogModuleManager: Shutting down and abandoning module QuadricMeshReduction (173)
[2018.08.04-10.40.19:965][502]LogModuleManager: Shutting down and abandoning module MaterialBaking (169)
[2018.08.04-10.40.19:984][502]LogModuleManager: Shutting down and abandoning module DirectoryWatcher (165)
[2018.08.04-10.40.19:984][502]LogModuleManager: Shutting down and abandoning module DerivedDataCache (162)
[2018.08.04-10.40.19:999][502]LogDerivedDataCache: Shutdown
[2018.08.04-10.40.19:999][502]LogModuleManager: Shutting down and abandoning module XGEController (160)
[2018.08.04-10.40.20:063][502]LogModuleManager: Shutting down and abandoning module TargetPlatform (158)
[2018.08.04-10.40.20:063][502]LogModuleManager: Shutting down and abandoning module VulkanShaderFormat (157)
[2018.08.04-10.40.20:088][502]LogModuleManager: Shutting down and abandoning module ShaderFormatVectorVM (155)
[2018.08.04-10.40.20:096][502]LogModuleManager: Shutting down and abandoning module ShaderFormatOpenGL (153)
[2018.08.04-10.40.20:116][502]LogModuleManager: Shutting down and abandoning module ShaderFormatD3D (151)
[2018.08.04-10.40.20:116][502]LogModuleManager: Shutting down and abandoning module MetalShaderFormat (149)
[2018.08.04-10.40.20:139][502]LogModuleManager: Shutting down and abandoning module TextureFormatUncompressed (147)
[2018.08.04-10.40.20:139][502]LogModuleManager: Shutting down and abandoning module TextureFormatPVR (145)
[2018.08.04-10.40.20:139][502]LogModuleManager: Shutting down and abandoning module TextureFormatDXT (143)
[2018.08.04-10.40.20:144][502]LogModuleManager: Shutting down and abandoning module TextureFormatIntelISPCTexComp (141)
[2018.08.04-10.40.20:162][502]LogModuleManager: Shutting down and abandoning module TextureFormatASTC (139)
[2018.08.04-10.40.20:162][502]LogModuleManager: Shutting down and abandoning module ImageWrapper (138)
[2018.08.04-10.40.20:162][502]LogModuleManager: Shutting down and abandoning module TextureFormatAndroid (135)
[2018.08.04-10.40.20:162][502]LogModuleManager: Shutting down and abandoning module AudioFormatOpus (133)
[2018.08.04-10.40.20:162][502]LogModuleManager: Shutting down and abandoning module AudioFormatOgg (131)
[2018.08.04-10.40.20:162][502]LogModuleManager: Shutting down and abandoning module AudioFormatADPCM (129)
[2018.08.04-10.40.20:162][502]LogModuleManager: Shutting down and abandoning module LuminTargetPlatform (127)
[2018.08.04-10.40.20:162][502]LogModuleManager: Shutting down and abandoning module LinuxTargetPlatform (125)
[2018.08.04-10.40.20:162][502]LogModuleManager: Shutting down and abandoning module LinuxServerTargetPlatform (123)
[2018.08.04-10.40.20:162][502]LogModuleManager: Shutting down and abandoning module LinuxNoEditorTargetPlatform (121)
[2018.08.04-10.40.20:183][502]LogModuleManager: Shutting down and abandoning module LinuxClientTargetPlatform (119)
[2018.08.04-10.40.20:203][502]LogModuleManager: Shutting down and abandoning module TVOSTargetPlatform (117)
[2018.08.04-10.40.20:204][502]LogModuleManager: Shutting down and abandoning module Messaging (115)
[2018.08.04-10.40.20:204][502]LogModuleManager: Shutting down and abandoning module IOSTargetPlatform (113)
[2018.08.04-10.40.20:205][502]LogModuleManager: Shutting down and abandoning module HTML5TargetPlatform (111)
[2018.08.04-10.40.20:205][502]LogModuleManager: Shutting down and abandoning module AndroidTargetPlatform (109)
[2018.08.04-10.40.20:245][502]LogModuleManager: Shutting down and abandoning module WindowsTargetPlatform (107)
[2018.08.04-10.40.20:245][502]LogModuleManager: Shutting down and abandoning module WindowsServerTargetPlatform (105)
[2018.08.04-10.40.20:246][502]LogModuleManager: Shutting down and abandoning module WindowsNoEditorTargetPlatform (103)
[2018.08.04-10.40.20:246][502]LogModuleManager: Shutting down and abandoning module WindowsClientTargetPlatform (101)
[2018.08.04-10.40.20:246][502]LogModuleManager: Shutting down and abandoning module MacTargetPlatform (99)
[2018.08.04-10.40.20:246][502]LogModuleManager: Shutting down and abandoning module MacServerTargetPlatform (97)
[2018.08.04-10.40.20:246][502]LogModuleManager: Shutting down and abandoning module MacNoEditorTargetPlatform (95)
[2018.08.04-10.40.20:246][502]LogModuleManager: Shutting down and abandoning module MacClientTargetPlatform (93)
[2018.08.04-10.40.20:246][502]LogModuleManager: Shutting down and abandoning module AllDesktopTargetPlatform (91)
[2018.08.04-10.40.20:246][502]LogModuleManager: Shutting down and abandoning module InputCore (88)
[2018.08.04-10.40.20:246][502]LogModuleManager: Shutting down and abandoning module Settings (86)
[2018.08.04-10.40.20:246][502]LogModuleManager: Shutting down and abandoning module PhysXCooking (84)
[2018.08.04-10.40.20:246][502]LogModuleManager: Shutting down and abandoning module SteamVR (82)
[2018.08.04-10.40.20:246][502]LogModuleManager: Shutting down and abandoning module OculusHMD (80)
[2018.08.04-10.40.20:261][502]LogModuleManager: Shutting down and abandoning module ExampleDeviceProfileSelector (78)
[2018.08.04-10.40.20:261][502]LogModuleManager: Shutting down and abandoning module LauncherChunkInstaller (76)
[2018.08.04-10.40.20:261][502]LogModuleManager: Shutting down and abandoning module OnlineBlueprintSupport (74)
[2018.08.04-10.40.20:261][502]LogModuleManager: Shutting down and abandoning module OnlineSubsystem (70)
[2018.08.04-10.40.20:360][502]LogModuleManager: Shutting down and abandoning module XMPP (65)
[2018.08.04-10.40.20:410][502]LogModuleManager: Shutting down and abandoning module WebSockets (64)
[2018.08.04-10.40.20:479][502]LogModuleManager: Shutting down and abandoning module HTTP (61)
[2018.08.04-10.40.20:491][502]LogHttp: Display: Http module shutting down, but needs to wait on 1 outstanding Http requests:
[2018.08.04-10.40.20:491][502]LogHttp: Display: 	verb=[POST] url=[https://datarouter.ol.epicgames.com/datarouter/api/v1/public/data?SessionID=%7BA8813902-4B1A-E180-2317-4384852B52BB%7D&AppID=UEEditor.Rocket.Release&AppVersion=4.20.1-4233996%2B%2B%2BUE4%2BRelease-4.20&UserID=115474fe4d152d757f976284be716635%7Cf6dd24825cc04bcc9c1e0ba34302687c%7C3ff7850d-36a0-4fee-8ddf-22b717013691&AppEnvironment=datacollector-binary&UploadType=eteventstream] status=Processing
[2018.08.04-10.40.20:501][502]LogModuleManager: Shutting down and abandoning module SSL (60)
[2018.08.04-10.40.20:581][502]LogModuleManager: Shutting down and abandoning module MagicLeapEmulator (56)
[2018.08.04-10.40.20:581][502]LogModuleManager: Shutting down and abandoning module MagicLeapPrivileges (54)
[2018.08.04-10.40.20:581][502]LogModuleManager: Shutting down and abandoning module MagicLeapIdentity (52)
[2018.08.04-10.40.20:581][502]LogModuleManager: Shutting down and abandoning module MagicLeapHelperVulkan (50)
[2018.08.04-10.40.20:581][502]LogModuleManager: Shutting down and abandoning module MagicLeapHelperOpenGL (48)
[2018.08.04-10.40.20:581][502]LogModuleManager: Shutting down and abandoning module MagicLeapSecureStorage (46)
[2018.08.04-10.40.20:581][502]LogModuleManager: Shutting down and abandoning module MagicLeapGestures (44)
[2018.08.04-10.40.20:581][502]LogModuleManager: Shutting down and abandoning module MagicLeapEyeTracker (42)
[2018.08.04-10.40.20:581][502]LogModuleManager: Shutting down and abandoning module MagicLeapController (40)
[2018.08.04-10.40.20:581][502]LogSlate: Slate User Destroyed.  User Index 0, Is Virtual User: 0
[2018.08.04-10.40.20:581][502]LogModuleManager: Shutting down and abandoning module MagicLeap (38)
[2018.08.04-10.40.20:581][502]LogModuleManager: Shutting down and abandoning module AnimationModifiers (36)
[2018.08.04-10.40.20:606][502]LogModuleManager: Shutting down and abandoning module PropertyEditor (35)
[2018.08.04-10.40.20:625][502]LogModuleManager: Shutting down and abandoning module AudioEditor (32)
[2018.08.04-10.40.20:647][502]LogModuleManager: Shutting down and abandoning module TextureCompressor (30)
[2018.08.04-10.40.20:648][502]LogModuleManager: Shutting down and abandoning module ShaderCore (28)
[2018.08.04-10.40.20:648][502]LogModuleManager: Shutting down and abandoning module Landscape (26)
[2018.08.04-10.40.20:648][502]LogModuleManager: Shutting down and abandoning module SlateRHIRenderer (24)
[2018.08.04-10.40.20:692][502]LogModuleManager: Shutting down and abandoning module OpenGLDrv (22)
[2018.08.04-10.40.20:718][502]LogModuleManager: Shutting down and abandoning module D3D11RHI (20)
[2018.08.04-10.40.20:718][502]LogModuleManager: Shutting down and abandoning module AnimGraphRuntime (18)
[2018.08.04-10.40.20:744][502]LogModuleManager: Shutting down and abandoning module Renderer (16)
[2018.08.04-10.40.20:744][502]LogModuleManager: Shutting down and abandoning module Engine (14)
[2018.08.04-10.40.20:744][502]LogModuleManager: Shutting down and abandoning module CoreUObject (12)
[2018.08.04-10.40.20:752][502]LogModuleManager: Shutting down and abandoning module NetworkFile (10)
[2018.08.04-10.40.20:762][502]LogModuleManager: Shutting down and abandoning module CookedIterativeFile (8)
[2018.08.04-10.40.20:762][502]LogModuleManager: Shutting down and abandoning module StreamingFile (6)
[2018.08.04-10.40.20:770][502]LogModuleManager: Shutting down and abandoning module SandboxFile (4)
[2018.08.04-10.40.20:770][502]LogModuleManager: Shutting down and abandoning module PakFile (2)
[2018.08.04-10.40.20:843][502]LogExit: Exiting.
[2018.08.04-10.40.20:948][502]Log file closed, 08/04/18 12:40:20
